Copyright 1986-2022 Xilinx, Inc. All Rights Reserved.
------------------------------------------------------------------------------------
| Tool Version : Vivado v.2022.2 (win64) Build 3671981 Fri Oct 14 05:00:03 MDT 2022
| Date         : Thu Aug 10 15:11:07 2023
| Host         : DESKTOP-BRUHM76 running 64-bit major release  (build 9200)
| Command      : upgrade_ip
| Device       : xc7z010clg400-1
------------------------------------------------------------------------------------

Upgrade Log for IP 'system_bram_switch_0_2'

1. Summary
----------

SUCCESS in the upgrade of system_bram_switch_0_2 (xilinx.com:user:bram_switch:1.0) from (Rev. 3) to (Rev. 5)






Copyright 1986-2022 Xilinx, Inc. All Rights Reserved.
------------------------------------------------------------------------------------
| Tool Version : Vivado v.2022.2 (win64) Build 3671981 Fri Oct 14 05:00:03 MDT 2022
| Date         : Thu Aug 10 15:11:07 2023
| Host         : DESKTOP-BRUHM76 running 64-bit major release  (build 9200)
| Command      : upgrade_ip
| Device       : xc7z010clg400-1
------------------------------------------------------------------------------------

Upgrade Log for IP 'system_bram_switch_0_1'

1. Summary
----------

SUCCESS in the upgrade of system_bram_switch_0_1 (xilinx.com:user:bram_switch:1.0) from (Rev. 3) to (Rev. 5)

