#-----------------------------------------------------------
# Vivado v2022.2 (64-bit)
# SW Build 3671981 on Fri Oct 14 05:00:03 MDT 2022
# IP Build 3669848 on Fri Oct 14 08:30:02 MDT 2022
# Start of session at: Sun Sep  8 19:56:20 2024
# Process ID: 5404
# Current directory: C:/Users/mati9/OneDrive/Documentos/00-RedPitaya/adquisidor_red_pitaya
# Command line: vivado.exe -gui_launcher_event rodinguilauncherevent7392 C:\Users\mati9\OneDrive\Documentos\00-RedPitaya\adquisidor_red_pitaya\adquisidor.xpr
# Log file: C:/Users/mati9/OneDrive/Documentos/00-RedPitaya/adquisidor_red_pitaya/vivado.log
# Journal file: C:/Users/mati9/OneDrive/Documentos/00-RedPitaya/adquisidor_red_pitaya\vivado.jou
# Running On: DESKTOP-4F847D8, OS: Windows, CPU Frequency: 2400 MHz, CPU Physical cores: 2, Host memory: 4204 MB
#-----------------------------------------------------------
start_gui
open_project C:/Users/mati9/OneDrive/Documentos/00-RedPitaya/adquisidor_red_pitaya/adquisidor.xpr
WARNING: [Board 49-26] cannot add Board Part xilinx.com:ac701:part0:1.4 available at C:/Xilinx/Vivado/2022.2/data/xhub/boards/XilinxBoardStore/boards/Xilinx/ac701/1.4/board.xml as part xc7a200tfbg676-2 specified in board_part file is either invalid or not available
WARNING: [Board 49-26] cannot add Board Part xilinx.com:k26c:part0:1.2 available at C:/Xilinx/Vivado/2022.2/data/xhub/boards/XilinxBoardStore/boards/Xilinx/k26c/1.2/board.xml as part xck26-sfvc784-2lv-c specified in board_part file is either invalid or not available
WARNING: [Board 49-26] cannot add Board Part xilinx.com:k26c:part0:1.3 available at C:/Xilinx/Vivado/2022.2/data/xhub/boards/XilinxBoardStore/boards/Xilinx/k26c/1.3/board.xml as part xck26-sfvc784-2lv-c specified in board_part file is either invalid or not available
WARNING: [Board 49-26] cannot add Board Part xilinx.com:k26c:part0:1.4 available at C:/Xilinx/Vivado/2022.2/data/xhub/boards/XilinxBoardStore/boards/Xilinx/k26c/1.4/board.xml as part xck26-sfvc784-2lv-c specified in board_part file is either invalid or not available
WARNING: [Board 49-26] cannot add Board Part xilinx.com:k26i:part0:1.2 available at C:/Xilinx/Vivado/2022.2/data/xhub/boards/XilinxBoardStore/boards/Xilinx/k26i/1.2/board.xml as part xck26-sfvc784-2lvi-i specified in board_part file is either invalid or not available
WARNING: [Board 49-26] cannot add Board Part xilinx.com:k26i:part0:1.3 available at C:/Xilinx/Vivado/2022.2/data/xhub/boards/XilinxBoardStore/boards/Xilinx/k26i/1.3/board.xml as part xck26-sfvc784-2lvi-i specified in board_part file is either invalid or not available
WARNING: [Board 49-26] cannot add Board Part xilinx.com:k26i:part0:1.4 available at C:/Xilinx/Vivado/2022.2/data/xhub/boards/XilinxBoardStore/boards/Xilinx/k26i/1.4/board.xml as part xck26-sfvc784-2lvi-i specified in board_part file is either invalid or not available
WARNING: [Board 49-26] cannot add Board Part xilinx.com:kc705:part0:1.6 available at C:/Xilinx/Vivado/2022.2/data/xhub/boards/XilinxBoardStore/boards/Xilinx/kc705/1.6/board.xml as part xc7k325tffg900-2 specified in board_part file is either invalid or not available
WARNING: [Board 49-26] cannot add Board Part xilinx.com:kcu105:part0:1.6 available at C:/Xilinx/Vivado/2022.2/data/xhub/boards/XilinxBoardStore/boards/Xilinx/kcu105/1.6/board.xml as part xcku040-ffva1156-2-e specified in board_part file is either invalid or not available
WARNING: [Board 49-26] cannot add Board Part xilinx.com:kcu105:part0:1.7 available at C:/Xilinx/Vivado/2022.2/data/xhub/boards/XilinxBoardStore/boards/Xilinx/kcu105/1.7/board.xml as part xcku040-ffva1156-2-e specified in board_part file is either invalid or not available
WARNING: [Board 49-26] cannot add Board Part xilinx.com:kcu116:part0:1.4 available at C:/Xilinx/Vivado/2022.2/data/xhub/boards/XilinxBoardStore/boards/Xilinx/kcu116/1.4/board.xml as part xcku5p-ffvb676-2-e specified in board_part file is either invalid or not available
WARNING: [Board 49-26] cannot add Board Part xilinx.com:kcu116:part0:1.5 available at C:/Xilinx/Vivado/2022.2/data/xhub/boards/XilinxBoardStore/boards/Xilinx/kcu116/1.5/board.xml as part xcku5p-ffvb676-2-e specified in board_part file is either invalid or not available
WARNING: [Board 49-26] cannot add Board Part xilinx.com:kcu1500:part0:1.2 available at C:/Xilinx/Vivado/2022.2/data/xhub/boards/XilinxBoardStore/boards/Xilinx/kcu1500/1.2/board.xml as part xcku115-flvb2104-2-e specified in board_part file is either invalid or not available
WARNING: [Board 49-26] cannot add Board Part xilinx.com:kr260_som:part0:1.0 available at C:/Xilinx/Vivado/2022.2/data/xhub/boards/XilinxBoardStore/boards/Xilinx/kr260_som/1.0/board.xml as part xck26-sfvc784-2lv-c specified in board_part file is either invalid or not available
WARNING: [Board 49-26] cannot add Board Part xilinx.com:kr260_som:part0:1.1 available at C:/Xilinx/Vivado/2022.2/data/xhub/boards/XilinxBoardStore/boards/Xilinx/kr260_som/1.1/board.xml as part xck26-sfvc784-2lv-c specified in board_part file is either invalid or not available
WARNING: [Board 49-26] cannot add Board Part xilinx.com:kv260_som:part0:1.2 available at C:/Xilinx/Vivado/2022.2/data/xhub/boards/XilinxBoardStore/boards/Xilinx/kv260_som/1.2/board.xml as part xck26-sfvc784-2lv-c specified in board_part file is either invalid or not available
WARNING: [Board 49-26] cannot add Board Part xilinx.com:kv260_som:part0:1.3 available at C:/Xilinx/Vivado/2022.2/data/xhub/boards/XilinxBoardStore/boards/Xilinx/kv260_som/1.3/board.xml as part xck26-sfvc784-2lv-c specified in board_part file is either invalid or not available
WARNING: [Board 49-26] cannot add Board Part xilinx.com:kv260_som:part0:1.4 available at C:/Xilinx/Vivado/2022.2/data/xhub/boards/XilinxBoardStore/boards/Xilinx/kv260_som/1.4/board.xml as part xck26-sfvc784-2lv-c specified in board_part file is either invalid or not available
WARNING: [Board 49-26] cannot add Board Part xilinx.com:sp701:part0:1.0 available at C:/Xilinx/Vivado/2022.2/data/xhub/boards/XilinxBoardStore/boards/Xilinx/sp701/1.0/board.xml as part xc7s100fgga676-2 specified in board_part file is either invalid or not available
WARNING: [Board 49-26] cannot add Board Part xilinx.com:sp701:part0:1.1 available at C:/Xilinx/Vivado/2022.2/data/xhub/boards/XilinxBoardStore/boards/Xilinx/sp701/1.1/board.xml as part xc7s100fgga676-2 specified in board_part file is either invalid or not available
WARNING: [Board 49-26] cannot add Board Part xilinx.com:vc707:part0:1.4 available at C:/Xilinx/Vivado/2022.2/data/xhub/boards/XilinxBoardStore/boards/Xilinx/vc707/1.4/board.xml as part xc7vx485tffg1761-2 specified in board_part file is either invalid or not available
WARNING: [Board 49-26] cannot add Board Part xilinx.com:vc709:part0:1.8 available at C:/Xilinx/Vivado/2022.2/data/xhub/boards/XilinxBoardStore/boards/Xilinx/vc709/1.8/board.xml as part xc7vx690tffg1761-2 specified in board_part file is either invalid or not available
WARNING: [Board 49-26] cannot add Board Part xilinx.com:vck190:part0:2.2 available at C:/Xilinx/Vivado/2022.2/data/xhub/boards/XilinxBoardStore/boards/Xilinx/vck190/production/2.2/board.xml as part xcvc1902-vsva2197-2mp-e-s specified in board_part file is either invalid or not available
WARNING: [Board 49-26] cannot add Board Part xilinx.com:vck190:part0:3.0 available at C:/Xilinx/Vivado/2022.2/data/xhub/boards/XilinxBoardStore/boards/Xilinx/vck190/production/3.0/board.xml as part xcvc1902-vsva2197-2mp-e-s specified in board_part file is either invalid or not available
WARNING: [Board 49-26] cannot add Board Part xilinx.com:vck190:part0:3.1 available at C:/Xilinx/Vivado/2022.2/data/xhub/boards/XilinxBoardStore/boards/Xilinx/vck190/production/3.1/board.xml as part xcvc1902-vsva2197-2mp-e-s specified in board_part file is either invalid or not available
WARNING: [Board 49-26] cannot add Board Part xilinx.com:vck190_newl:part0:1.0 available at C:/Xilinx/Vivado/2022.2/data/xhub/boards/XilinxBoardStore/boards/Xilinx/vck190_newl/production/1.0/board.xml as part xcvc1902-vsva2197-2mp-e-s specified in board_part file is either invalid or not available
WARNING: [Board 49-26] cannot add Board Part xilinx.com:vcu108:part0:1.6 available at C:/Xilinx/Vivado/2022.2/data/xhub/boards/XilinxBoardStore/boards/Xilinx/vcu108/1.6/board.xml as part xcvu095-ffva2104-2-e specified in board_part file is either invalid or not available
WARNING: [Board 49-26] cannot add Board Part xilinx.com:vcu108:part0:1.7 available at C:/Xilinx/Vivado/2022.2/data/xhub/boards/XilinxBoardStore/boards/Xilinx/vcu108/1.7/board.xml as part xcvu095-ffva2104-2-e specified in board_part file is either invalid or not available
WARNING: [Board 49-26] cannot add Board Part xilinx.com:vcu110:part0:1.4 available at C:/Xilinx/Vivado/2022.2/data/xhub/boards/XilinxBoardStore/boards/Xilinx/vcu110/1.4/board.xml as part xcvu190-flgc2104-2-e specified in board_part file is either invalid or not available
WARNING: [Board 49-26] cannot add Board Part xilinx.com:vcu118:part0:2.0 available at C:/Xilinx/Vivado/2022.2/data/xhub/boards/XilinxBoardStore/boards/Xilinx/vcu118/2.0/board.xml as part xcvu9p-flga2104-2l-e specified in board_part file is either invalid or not available
WARNING: [Board 49-26] cannot add Board Part xilinx.com:vcu118:part0:2.3 available at C:/Xilinx/Vivado/2022.2/data/xhub/boards/XilinxBoardStore/boards/Xilinx/vcu118/2.3/board.xml as part xcvu9p-flga2104-2l-e specified in board_part file is either invalid or not available
WARNING: [Board 49-26] cannot add Board Part xilinx.com:vcu118:part0:2.4 available at C:/Xilinx/Vivado/2022.2/data/xhub/boards/XilinxBoardStore/boards/Xilinx/vcu118/2.4/board.xml as part xcvu9p-flga2104-2l-e specified in board_part file is either invalid or not available
WARNING: [Board 49-26] cannot add Board Part xilinx.com:vcu128:part0:1.0 available at C:/Xilinx/Vivado/2022.2/data/xhub/boards/XilinxBoardStore/boards/Xilinx/vcu128/production/1.0/board.xml as part xcvu37p-fsvh2892-2l-e specified in board_part file is either invalid or not available
WARNING: [Board 49-26] cannot add Board Part xilinx.com:vcu129:part0:1.0 available at C:/Xilinx/Vivado/2022.2/data/xhub/boards/XilinxBoardStore/boards/Xilinx/vcu129/production/1.0/board.xml as part xcvu29p-fsga2577-2l-e specified in board_part file is either invalid or not available
WARNING: [Board 49-26] cannot add Board Part xilinx.com:vcu1525:part0:1.3 available at C:/Xilinx/Vivado/2022.2/data/xhub/boards/XilinxBoardStore/boards/Xilinx/vcu1525/1.3/board.xml as part xcvu9p-fsgd2104-2l-e specified in board_part file is either invalid or not available
WARNING: [Board 49-26] cannot add Board Part xilinx.com:vek280_es:part0:1.0 available at C:/Xilinx/Vivado/2022.2/data/xhub/boards/XilinxBoardStore/boards/Xilinx/vek280/es/1.0/board.xml as part xcve2802-vsvh1760-2lp-e-s-es1 specified in board_part file is either invalid or not available
WARNING: [Board 49-26] cannot add Board Part xilinx.com:vermeo_t1_mpsoc:part0:1.0 available at C:/Xilinx/Vivado/2022.2/data/xhub/boards/XilinxBoardStore/boards/Xilinx/vermeo_t1_mpsoc/1.0/board.xml as part xczu19eg-ffvd1760-2l-e specified in board_part file is either invalid or not available
WARNING: [Board 49-26] cannot add Board Part xilinx.com:vermeo_t1_rfsoc:part0:1.0 available at C:/Xilinx/Vivado/2022.2/data/xhub/boards/XilinxBoardStore/boards/Xilinx/vermeo_t1_rfsoc/1.0/board.xml as part xczu21dr-ffvd1156-2l-e specified in board_part file is either invalid or not available
WARNING: [Board 49-26] cannot add Board Part xilinx.com:vhk158_es:part0:1.0 available at C:/Xilinx/Vivado/2022.2/data/xhub/boards/XilinxBoardStore/boards/Xilinx/vhk158/es/1.0/board.xml as part xcvh1582-vsva3697-2mp-e-s-es1 specified in board_part file is either invalid or not available
WARNING: [Board 49-26] cannot add Board Part xilinx.com:vmk180:part0:2.2 available at C:/Xilinx/Vivado/2022.2/data/xhub/boards/XilinxBoardStore/boards/Xilinx/vmk180/production/2.2/board.xml as part xcvm1802-vsva2197-2mp-e-s specified in board_part file is either invalid or not available
WARNING: [Board 49-26] cannot add Board Part xilinx.com:vmk180:part0:3.0 available at C:/Xilinx/Vivado/2022.2/data/xhub/boards/XilinxBoardStore/boards/Xilinx/vmk180/production/3.0/board.xml as part xcvm1802-vsva2197-2mp-e-s specified in board_part file is either invalid or not available
WARNING: [Board 49-26] cannot add Board Part xilinx.com:vmk180:part0:3.1 available at C:/Xilinx/Vivado/2022.2/data/xhub/boards/XilinxBoardStore/boards/Xilinx/vmk180/production/3.1/board.xml as part xcvm1802-vsva2197-2mp-e-s specified in board_part file is either invalid or not available
WARNING: [Board 49-26] cannot add Board Part xilinx.com:vmk180_newl:part0:1.0 available at C:/Xilinx/Vivado/2022.2/data/xhub/boards/XilinxBoardStore/boards/Xilinx/vmk180_newl/production/1.0/board.xml as part xcvm1802-vsva2197-2mp-e-s specified in board_part file is either invalid or not available
WARNING: [Board 49-26] cannot add Board Part xilinx.com:vpk120:part0:1.0 available at C:/Xilinx/Vivado/2022.2/data/xhub/boards/XilinxBoardStore/boards/Xilinx/vpk120/production/1.0/board.xml as part xcvp1202-vsva2785-2mp-e-s specified in board_part file is either invalid or not available
WARNING: [Board 49-26] cannot add Board Part xilinx.com:vpk120_es:part0:1.2 available at C:/Xilinx/Vivado/2022.2/data/xhub/boards/XilinxBoardStore/boards/Xilinx/vpk120/es/1.2/board.xml as part xcvp1202-vsva2785-2mp-e-s-es1 specified in board_part file is either invalid or not available
WARNING: [Board 49-26] cannot add Board Part xilinx.com:vpk120_es_revb:part0:1.0 available at C:/Xilinx/Vivado/2022.2/data/xhub/boards/XilinxBoardStore/boards/Xilinx/vpk120_revb/es/1.0/board.xml as part xcvp1202-vsva2785-2mp-e-s-es1 specified in board_part file is either invalid or not available
WARNING: [Board 49-26] cannot add Board Part xilinx.com:vpk180_es:part0:1.0 available at C:/Xilinx/Vivado/2022.2/data/xhub/boards/XilinxBoardStore/boards/Xilinx/vpk180/es/1.0/board.xml as part xcvp1802-lsvc4072-2mp-e-s-es1 specified in board_part file is either invalid or not available
WARNING: [Board 49-26] cannot add Board Part xilinx.com:zc706:part0:1.4 available at C:/Xilinx/Vivado/2022.2/data/xhub/boards/XilinxBoardStore/boards/Xilinx/zc706/1.4/board.xml as part xc7z045ffg900-2 specified in board_part file is either invalid or not available
WARNING: [Board 49-26] cannot add Board Part xilinx.com:zcu102:part0:3.3 available at C:/Xilinx/Vivado/2022.2/data/xhub/boards/XilinxBoardStore/boards/Xilinx/zcu102/3.3/board.xml as part xczu9eg-ffvb1156-2-e specified in board_part file is either invalid or not available
WARNING: [Board 49-26] cannot add Board Part xilinx.com:zcu102:part0:3.4 available at C:/Xilinx/Vivado/2022.2/data/xhub/boards/XilinxBoardStore/boards/Xilinx/zcu102/3.4/board.xml as part xczu9eg-ffvb1156-2-e specified in board_part file is either invalid or not available
WARNING: [Board 49-26] cannot add Board Part xilinx.com:zcu104:part0:1.1 available at C:/Xilinx/Vivado/2022.2/data/xhub/boards/XilinxBoardStore/boards/Xilinx/zcu104/1.1/board.xml as part xczu7ev-ffvc1156-2-e specified in board_part file is either invalid or not available
WARNING: [Board 49-26] cannot add Board Part xilinx.com:zcu106:part0:2.4 available at C:/Xilinx/Vivado/2022.2/data/xhub/boards/XilinxBoardStore/boards/Xilinx/zcu106/2.4/board.xml as part xczu7ev-ffvc1156-2-e specified in board_part file is either invalid or not available
WARNING: [Board 49-26] cannot add Board Part xilinx.com:zcu106:part0:2.5 available at C:/Xilinx/Vivado/2022.2/data/xhub/boards/XilinxBoardStore/boards/Xilinx/zcu106/2.5/board.xml as part xczu7ev-ffvc1156-2-e specified in board_part file is either invalid or not available
WARNING: [Board 49-26] cannot add Board Part xilinx.com:zcu106:part0:2.6 available at C:/Xilinx/Vivado/2022.2/data/xhub/boards/XilinxBoardStore/boards/Xilinx/zcu106/2.6/board.xml as part xczu7ev-ffvc1156-2-e specified in board_part file is either invalid or not available
WARNING: [Board 49-26] cannot add Board Part xilinx.com:zcu111:part0:1.2 available at C:/Xilinx/Vivado/2022.2/data/xhub/boards/XilinxBoardStore/boards/Xilinx/zcu111/1.2/board.xml as part xczu28dr-ffvg1517-2-e specified in board_part file is either invalid or not available
WARNING: [Board 49-26] cannot add Board Part xilinx.com:zcu111:part0:1.3 available at C:/Xilinx/Vivado/2022.2/data/xhub/boards/XilinxBoardStore/boards/Xilinx/zcu111/1.3/board.xml as part xczu28dr-ffvg1517-2-e specified in board_part file is either invalid or not available
WARNING: [Board 49-26] cannot add Board Part xilinx.com:zcu111:part0:1.4 available at C:/Xilinx/Vivado/2022.2/data/xhub/boards/XilinxBoardStore/boards/Xilinx/zcu111/1.4/board.xml as part xczu28dr-ffvg1517-2-e specified in board_part file is either invalid or not available
WARNING: [Board 49-26] cannot add Board Part xilinx.com:zcu1275:part0:1.0 available at C:/Xilinx/Vivado/2022.2/data/xhub/boards/XilinxBoardStore/boards/Xilinx/zcu1275/1.0/board.xml as part xczu29dr-ffvf1760-2-e specified in board_part file is either invalid or not available
WARNING: [Board 49-26] cannot add Board Part xilinx.com:zcu1285:part0:1.0 available at C:/Xilinx/Vivado/2022.2/data/xhub/boards/XilinxBoardStore/boards/Xilinx/zcu1285/1.0/board.xml as part xczu39dr-ffvf1760-2-i specified in board_part file is either invalid or not available
WARNING: [Board 49-26] cannot add Board Part xilinx.com:zcu208:part0:2.0 available at C:/Xilinx/Vivado/2022.2/data/xhub/boards/XilinxBoardStore/boards/Xilinx/zcu208/production/2.0/board.xml as part xczu48dr-fsvg1517-2-e specified in board_part file is either invalid or not available
WARNING: [Board 49-26] cannot add Board Part xilinx.com:zcu208ld:part0:2.0 available at C:/Xilinx/Vivado/2022.2/data/xhub/boards/XilinxBoardStore/boards/Xilinx/zcu208ld/production/2.0/board.xml as part xczu58dr-fsvg1517-2-i specified in board_part file is either invalid or not available
WARNING: [Board 49-26] cannot add Board Part xilinx.com:zcu216:part0:2.0 available at C:/Xilinx/Vivado/2022.2/data/xhub/boards/XilinxBoardStore/boards/Xilinx/zcu216/production/2.0/board.xml as part xczu49dr-ffvf1760-2-e specified in board_part file is either invalid or not available
WARNING: [Board 49-26] cannot add Board Part xilinx.com:zcu216ld:part0:2.0 available at C:/Xilinx/Vivado/2022.2/data/xhub/boards/XilinxBoardStore/boards/Xilinx/zcu216ld/production/2.0/board.xml as part xczu59dr-ffvf1760-2-i specified in board_part file is either invalid or not available
WARNING: [Board 49-26] cannot add Board Part xilinx.com:zcu670:part0:2.0 available at C:/Xilinx/Vivado/2022.2/data/xhub/boards/XilinxBoardStore/boards/Xilinx/zcu670/2.0/board.xml as part xczu67dr-fsve1156-2-i specified in board_part file is either invalid or not available
WARNING: [Board 49-26] cannot add Board Part xilinx.com:zcu670ld:part0:1.0 available at C:/Xilinx/Vivado/2022.2/data/xhub/boards/XilinxBoardStore/boards/Xilinx/zcu670ld/1.0/board.xml as part xczu57dr-fsve1156-2-i specified in board_part file is either invalid or not available
INFO: [Project 1-313] Project file moved from 'C:/Users/MatiOliva/Documents/03-RedPitaya/adquisidor/adquisidor_red_pitaya' since last save.
WARNING: [filemgmt 56-2] IP Repository Path: Could not find the directory 'C:/Users/mati9/OneDrive/Documentos/adquisidor_sin_trigger/ip_repo', nor could it be found using path 'C:/Users/MatiOliva/Documents/03-RedPitaya/adquisidor_sin_trigger/ip_repo'.
Scanning sources...
Finished scanning sources
INFO: [IP_Flow 19-234] Refreshing IP repositories
WARNING: [IP_Flow 19-2248] Failed to load user IP repository 'c:/Users/mati9/OneDrive/Documentos/adquisidor_sin_trigger/ip_repo'; Can't find the specified path.
If this directory should no longer be in your list of user repositories, go to the IP Settings dialog and remove it.
INFO: [IP_Flow 19-1700] Loaded user IP repository 'c:/Users/mati9/OneDrive/Documentos/00-RedPitaya/adquisidor_red_pitaya/adquisidor.srcs/user_ip'.
INFO: [IP_Flow 19-2313] Loaded Vivado IP repository 'C:/Xilinx/Vivado/2022.2/data/ip'.
open_project: Time (s): cpu = 00:01:15 ; elapsed = 00:01:03 . Memory (MB): peak = 1148.324 ; gain = 400.523
update_compile_order -fileset sources_1
update_module_reference system_drive_leds_0_0
INFO: [IP_Flow 19-234] Refreshing IP repositories
WARNING: [IP_Flow 19-2248] Failed to load user IP repository 'c:/Users/mati9/OneDrive/Documentos/adquisidor_sin_trigger/ip_repo'; Can't find the specified path.
If this directory should no longer be in your list of user repositories, go to the IP Settings dialog and remove it.
INFO: [IP_Flow 19-1700] Loaded user IP repository 'c:/Users/mati9/OneDrive/Documentos/00-RedPitaya/adquisidor_red_pitaya/adquisidor.srcs/user_ip'.
Reading block design file <C:/Users/mati9/OneDrive/Documentos/00-RedPitaya/adquisidor_red_pitaya/adquisidor.srcs/sources_1/bd/system/system.bd>...
Adding component instance block -- xilinx.com:ip:util_ds_buf:2.2 - util_ds_buf_1
Adding component instance block -- xilinx.com:ip:util_ds_buf:2.2 - util_ds_buf_2
Adding component instance block -- pavel-demin:user:axis_red_pitaya_dac:1.0 - axis_red_pitaya_dac_0
Adding component instance block -- xilinx.com:ip:dds_compiler:6.0 - dds_compiler_0
Adding component instance block -- xilinx.com:ip:clk_wiz:6.0 - clk_wiz_0
Adding component instance block -- pavel-demin:user:axis_constant:1.0 - axis_constant_0
Adding component instance block -- xilinx.com:ip:xlslice:1.0 - N_promC
Adding component instance block -- xilinx.com:ip:xlslice:1.0 - rst
Adding component instance block -- xilinx.com:ip:xlslice:1.0 - enable
Adding component instance block -- xilinx.com:ip:axi_gpio:2.0 - Control_and_Nca
Adding component instance block -- xilinx.com:ip:axi_gpio:2.0 - finish
Adding component instance block -- xilinx.com:ip:xlslice:1.0 - M
Adding component instance block -- xilinx.com:ip:xlslice:1.0 - N_prom_lineal
Adding component instance block -- xilinx.com:ip:axi_gpio:2.0 - K_and_log2div
Adding component instance block -- xilinx.com:ip:axi_gpio:2.0 - DAC_and_M
Adding component instance block -- xilinx.com:ip:axi_gpio:2.0 - Trigger
Adding component instance block -- xilinx.com:ip:xlslice:1.0 - trigger_mode
Adding component instance block -- xilinx.com:ip:xlslice:1.0 - trigger_level
Adding component instance block -- xilinx.com:ip:xlslice:1.0 - log2_divisor
Adding component instance block -- xilinx.com:ip:axi_gpio:2.0 - Level_detect
Adding component instance block -- xilinx.com:ip:processing_system7:5.5 - processing_system7_0
Adding component instance block -- xilinx.com:ip:proc_sys_reset:5.0 - rst_ps7_0_125M
Adding component instance block -- xilinx.com:ip:axi_interconnect:2.1 - ps7_0_axi_periph
Adding component instance block -- xilinx.com:ip:axi_crossbar:2.1 - xbar
Adding component instance block -- xilinx.com:ip:axi_protocol_converter:2.1 - auto_pc
Adding component instance block -- pavel-demin:user:axis_red_pitaya_adc:1.0 - axis_red_pitaya_adc_0
Adding component instance block -- xilinx.com:module_ref:signal_split:1.0 - signal_split_0
Adding component instance block -- xilinx.com:module_ref:promedio_lineal:1.0 - promedio_lineal_0
Adding component instance block -- xilinx.com:module_ref:coherent_average:1.0 - coherent_average_0
CRITICAL WARNING: [BD 41-51] Could not find bus definition for the interface: bram_index 
CRITICAL WARNING: [BD 41-49] Could not find abstraction definition for the interface: bram_index 
CRITICAL WARNING: [BD 41-49] Could not find abstraction definition for the interface: bram_index 
CRITICAL WARNING: [BD 41-51] Could not find bus definition for the interface: bram_porta 
CRITICAL WARNING: [BD 41-49] Could not find abstraction definition for the interface: bram_porta 
CRITICAL WARNING: [BD 41-49] Could not find abstraction definition for the interface: bram_porta 
CRITICAL WARNING: [BD 41-51] Could not find bus definition for the interface: bram_portb 
CRITICAL WARNING: [BD 41-49] Could not find abstraction definition for the interface: bram_portb 
CRITICAL WARNING: [BD 41-49] Could not find abstraction definition for the interface: bram_portb 
Adding component instance block -- xilinx.com:module_ref:promedio_lineal:1.0 - promedio_lineal_0
Adding component instance block -- xilinx.com:module_ref:coherent_average:1.0 - coherent_average_0
CRITICAL WARNING: [BD 41-51] Could not find bus definition for the interface: bram_index 
CRITICAL WARNING: [BD 41-49] Could not find abstraction definition for the interface: bram_index 
CRITICAL WARNING: [BD 41-49] Could not find abstraction definition for the interface: bram_index 
CRITICAL WARNING: [BD 41-51] Could not find bus definition for the interface: bram_porta 
CRITICAL WARNING: [BD 41-49] Could not find abstraction definition for the interface: bram_porta 
CRITICAL WARNING: [BD 41-49] Could not find abstraction definition for the interface: bram_porta 
CRITICAL WARNING: [BD 41-51] Could not find bus definition for the interface: bram_portb 
CRITICAL WARNING: [BD 41-49] Could not find abstraction definition for the interface: bram_portb 
CRITICAL WARNING: [BD 41-49] Could not find abstraction definition for the interface: bram_portb 
Adding component instance block -- anton-potocnik:user:axi_bram_reader:1.0 - axi_bram_reader_1
Adding component instance block -- xilinx.com:ip:blk_mem_gen:8.4 - blk_mem_gen_1
Adding component instance block -- xilinx.com:user:bram_switch:1.0 - bram_switch_0
CRITICAL WARNING: [BD 41-51] Could not find bus definition for the interface: bram_porta 
CRITICAL WARNING: [BD 41-49] Could not find abstraction definition for the interface: bram_porta 
CRITICAL WARNING: [BD 41-49] Could not find abstraction definition for the interface: bram_porta 
CRITICAL WARNING: [BD 41-51] Could not find bus definition for the interface: bram_portb 
CRITICAL WARNING: [BD 41-49] Could not find abstraction definition for the interface: bram_portb 
CRITICAL WARNING: [BD 41-49] Could not find abstraction definition for the interface: bram_portb 
CRITICAL WARNING: [BD 41-51] Could not find bus definition for the interface: bram_portc 
CRITICAL WARNING: [BD 41-49] Could not find abstraction definition for the interface: bram_portc 
CRITICAL WARNING: [BD 41-49] Could not find abstraction definition for the interface: bram_portc 
Adding component instance block -- anton-potocnik:user:axi_bram_reader:1.0 - axi_bram_reader_1
Adding component instance block -- xilinx.com:user:bram_switch:1.0 - bram_switch_0
CRITICAL WARNING: [BD 41-51] Could not find bus definition for the interface: bram_porta 
CRITICAL WARNING: [BD 41-49] Could not find abstraction definition for the interface: bram_porta 
CRITICAL WARNING: [BD 41-49] Could not find abstraction definition for the interface: bram_porta 
CRITICAL WARNING: [BD 41-51] Could not find bus definition for the interface: bram_portb 
CRITICAL WARNING: [BD 41-49] Could not find abstraction definition for the interface: bram_portb 
CRITICAL WARNING: [BD 41-49] Could not find abstraction definition for the interface: bram_portb 
CRITICAL WARNING: [BD 41-51] Could not find bus definition for the interface: bram_portc 
CRITICAL WARNING: [BD 41-49] Could not find abstraction definition for the interface: bram_portc 
CRITICAL WARNING: [BD 41-49] Could not find abstraction definition for the interface: bram_portc 
Adding component instance block -- xilinx.com:module_ref:level_detector:1.0 - level_detector_0
Adding component instance block -- xilinx.com:module_ref:trigger_simulator:1.0 - trigger_simulator_0
Adding component instance block -- xilinx.com:module_ref:drive_leds:1.0 - drive_leds_0
Adding component instance block -- anton-potocnik:user:axi_bram_reader:1.0 - axi_bram_reader_0
Adding component instance block -- xilinx.com:ip:blk_mem_gen:8.4 - finish_indexes
Adding component instance block -- xilinx.com:module_ref:drive_gpios:1.0 - drive_gpios_0
Adding component instance block -- xilinx.com:module_ref:drive_gpios:1.0 - drive_gpios_1
Successfully read diagram <system> from block design file <C:/Users/mati9/OneDrive/Documentos/00-RedPitaya/adquisidor_red_pitaya/adquisidor.srcs/sources_1/bd/system/system.bd>
Upgrading 'C:/Users/mati9/OneDrive/Documentos/00-RedPitaya/adquisidor_red_pitaya/adquisidor.srcs/sources_1/bd/system/system.bd'
INFO: [IP_Flow 19-3420] Updated system_drive_leds_0_0 to use current project options
Wrote  : <C:\Users\mati9\OneDrive\Documentos\00-RedPitaya\adquisidor_red_pitaya\adquisidor.srcs\sources_1\bd\system\system.bd> 
Wrote  : <C:/Users/mati9/OneDrive/Documentos/00-RedPitaya/adquisidor_red_pitaya/adquisidor.srcs/sources_1/bd/system/ui/bd_c954508f.ui> 
upgrade_ip: Time (s): cpu = 00:00:33 ; elapsed = 00:00:24 . Memory (MB): peak = 1199.121 ; gain = 50.797
update_module_reference: Time (s): cpu = 00:00:36 ; elapsed = 00:00:26 . Memory (MB): peak = 1199.121 ; gain = 50.797
update_module_reference {system_drive_gpios_0_0 system_drive_gpios_0_1}
INFO: [IP_Flow 19-234] Refreshing IP repositories
WARNING: [IP_Flow 19-2248] Failed to load user IP repository 'c:/Users/mati9/OneDrive/Documentos/adquisidor_sin_trigger/ip_repo'; Can't find the specified path.
If this directory should no longer be in your list of user repositories, go to the IP Settings dialog and remove it.
INFO: [IP_Flow 19-1700] Loaded user IP repository 'c:/Users/mati9/OneDrive/Documentos/00-RedPitaya/adquisidor_red_pitaya/adquisidor.srcs/user_ip'.
Upgrading 'C:/Users/mati9/OneDrive/Documentos/00-RedPitaya/adquisidor_red_pitaya/adquisidor.srcs/sources_1/bd/system/system.bd'
INFO: [IP_Flow 19-3420] Updated system_drive_gpios_0_0 to use current project options
INFO: [IP_Flow 19-3420] Updated system_drive_gpios_0_1 to use current project options
Wrote  : <C:\Users\mati9\OneDrive\Documentos\00-RedPitaya\adquisidor_red_pitaya\adquisidor.srcs\sources_1\bd\system\system.bd> 
Wrote  : <C:/Users/mati9/OneDrive/Documentos/00-RedPitaya/adquisidor_red_pitaya/adquisidor.srcs/sources_1/bd/system/ui/bd_c954508f.ui> 
update_module_reference: Time (s): cpu = 00:00:04 ; elapsed = 00:00:20 . Memory (MB): peak = 1199.121 ; gain = 0.000
regenerate_bd_layout
copy_bd_objs /  [get_bd_cells {BRAM1/blk_mem_gen_1}]
set_property location {4 2893 868} [get_bd_cells blk_mem_gen_1]
move_bd_cells [get_bd_cells BRAM2] [get_bd_cells blk_mem_gen_1]
set_property location {2.5 987 126} [get_bd_cells BRAM2/blk_mem_gen_1]
connect_bd_net [get_bd_pins BRAM2/addra] [get_bd_pins BRAM2/blk_mem_gen_1/addra]
WARNING: [BD 41-1306] The connection to interface pin </BRAM2/blk_mem_gen_1/addra> is being overridden by the user with net <addra_1>. This pin will not be connected as a part of interface connection <BRAM_PORTA>.
connect_bd_net [get_bd_pins BRAM2/clka] [get_bd_pins BRAM2/blk_mem_gen_1/clka]
WARNING: [BD 41-1306] The connection to interface pin </BRAM2/blk_mem_gen_1/clka> is being overridden by the user with net <clka_1>. This pin will not be connected as a part of interface connection <BRAM_PORTA>.
connect_bd_net [get_bd_pins BRAM2/dina] [get_bd_pins BRAM2/blk_mem_gen_1/dina]
WARNING: [BD 41-1306] The connection to interface pin </BRAM2/blk_mem_gen_1/dina> is being overridden by the user with net <dina_1>. This pin will not be connected as a part of interface connection <BRAM_PORTA>.
connect_bd_net [get_bd_pins BRAM2/douta] [get_bd_pins BRAM2/blk_mem_gen_1/douta]
WARNING: [BD 41-1306] The connection to interface pin </BRAM2/blk_mem_gen_1/douta> is being overridden by the user with net <blk_mem_gen_1_douta>. This pin will not be connected as a part of interface connection <BRAM_PORTA>.
connect_bd_net [get_bd_pins BRAM2/blk_mem_gen_1/douta] [get_bd_pins BRAM2/blk_mem_gen_1/ena]
WARNING: [BD 41-1306] The connection to interface pin </BRAM2/blk_mem_gen_1/ena> is being overridden by the user with net </BRAM2/blk_mem_gen_1_douta>. This pin will not be connected as a part of interface connection <BRAM_PORTA>.
undo
INFO: [Common 17-17] undo 'connect_bd_net [get_bd_pins BRAM2/blk_mem_gen_1/douta] [get_bd_pins BRAM2/blk_mem_gen_1/ena]'
connect_bd_net [get_bd_pins BRAM2/wea] [get_bd_pins BRAM2/blk_mem_gen_1/ena]
WARNING: [BD 41-1306] The connection to interface pin </BRAM2/blk_mem_gen_1/ena> is being overridden by the user with net <wea_1>. This pin will not be connected as a part of interface connection <BRAM_PORTA>.
connect_bd_net [get_bd_pins BRAM2/wea] [get_bd_pins BRAM2/blk_mem_gen_1/wea]
WARNING: [BD 41-1306] The connection to interface pin </BRAM2/blk_mem_gen_1/wea> is being overridden by the user with net </BRAM2/wea_1>. This pin will not be connected as a part of interface connection <BRAM_PORTA>.
connect_bd_net [get_bd_pins BRAM2/blk_mem_gen_1/addrb] [get_bd_pins BRAM2/bram_switch_0/bram_portc_addr]
WARNING: [BD 41-1306] The connection to interface pin </BRAM2/blk_mem_gen_1/addrb> is being overridden by the user with net <bram_switch_0_bram_portc_addr>. This pin will not be connected as a part of interface connection <BRAM_PORTB>.
WARNING: [BD 41-1306] The connection to interface pin </BRAM2/bram_switch_0/bram_portc_addr> is being overridden by the user with net <bram_switch_0_bram_portc_addr>. This pin will not be connected as a part of interface connection <bram_portc>.
connect_bd_net [get_bd_pins BRAM2/bram_switch_0/bram_portc_clk] [get_bd_pins BRAM2/blk_mem_gen_1/clkb]
WARNING: [BD 41-1306] The connection to interface pin </BRAM2/bram_switch_0/bram_portc_clk> is being overridden by the user with net <bram_switch_0_bram_portc_clk>. This pin will not be connected as a part of interface connection <bram_portc>.
WARNING: [BD 41-1306] The connection to interface pin </BRAM2/blk_mem_gen_1/clkb> is being overridden by the user with net <bram_switch_0_bram_portc_clk>. This pin will not be connected as a part of interface connection <BRAM_PORTB>.
connect_bd_net [get_bd_pins BRAM2/bram_switch_0/bram_portc_wrdata] [get_bd_pins BRAM2/blk_mem_gen_1/dinb]
WARNING: [BD 41-1306] The connection to interface pin </BRAM2/blk_mem_gen_1/dinb> is being overridden by the user with net <bram_switch_0_bram_portc_wrdata>. This pin will not be connected as a part of interface connection <BRAM_PORTB>.
connect_bd_net [get_bd_pins BRAM2/blk_mem_gen_1/doutb] [get_bd_pins BRAM2/bram_switch_0/bram_portc_rddata]
WARNING: [BD 41-1306] The connection to interface pin </BRAM2/blk_mem_gen_1/doutb> is being overridden by the user with net <blk_mem_gen_1_doutb>. This pin will not be connected as a part of interface connection <BRAM_PORTB>.
connect_bd_net [get_bd_pins BRAM2/blk_mem_gen_1/web] [get_bd_pins BRAM2/bram_switch_0/bram_portc_we]
WARNING: [BD 41-1306] The connection to interface pin </BRAM2/blk_mem_gen_1/web> is being overridden by the user with net <bram_switch_0_bram_portc_we>. This pin will not be connected as a part of interface connection <BRAM_PORTB>.
WARNING: [BD 41-1306] The connection to interface pin </BRAM2/bram_switch_0/bram_portc_we> is being overridden by the user with net <bram_switch_0_bram_portc_we>. This pin will not be connected as a part of interface connection <bram_portc>.
set_property location {1279 294} [get_bd_pins BRAM2/bram_portb_rddata]
save_bd_design
Wrote  : <C:\Users\mati9\OneDrive\Documentos\00-RedPitaya\adquisidor_red_pitaya\adquisidor.srcs\sources_1\bd\system\system.bd> 
Wrote  : <C:/Users/mati9/OneDrive/Documentos/00-RedPitaya/adquisidor_red_pitaya/adquisidor.srcs/sources_1/bd/system/ui/bd_c954508f.ui> 
Wrote  : <C:/Users/mati9/OneDrive/Documentos/00-RedPitaya/adquisidor_red_pitaya/adquisidor.srcs/sources_1/bd/system/ui/bd_2b486086.ui> 
Wrote  : <C:/Users/mati9/OneDrive/Documentos/00-RedPitaya/adquisidor_red_pitaya/adquisidor.srcs/sources_1/bd/system/ui/bd_2b486087.ui> 
regenerate_bd_layout
reset_run synth_1
INFO: [Project 1-1161] Replacing file C:/Users/mati9/OneDrive/Documentos/00-RedPitaya/adquisidor_red_pitaya/adquisidor.srcs/utils_1/imports/synth_1/system_wrapper.dcp with file C:/Users/mati9/OneDrive/Documentos/00-RedPitaya/adquisidor_red_pitaya/adquisidor.runs/synth_1/system_wrapper.dcp
launch_runs impl_1 -to_step write_bitstream -jobs 2
WARNING: [#UNDEF] When using EMIO pins for SPI_0 tie SSIN High in the PL bitstream
INFO: [xilinx.com:ip:clk_wiz:6.0-1] /DAC/clk_wiz_0 clk_wiz propagate
WARNING: [BD 41-926] Following properties on interface pin /DAC/axis_red_pitaya_dac_0/S_AXIS have been updated from connected ip, but BD cell '/DAC/axis_red_pitaya_dac_0' does not accept parameter changes, so they may not be synchronized with cell properties:
	LAYERED_METADATA = xilinx.com:interface:datatypes:1.0 {TDATA {datatype {name {attribs {resolve_type immediate dependency {} format string minimum {} maximum {}} value {}} bitwidth {attribs {resolve_type automatic dependency {} format long minimum {} maximum {}} value 30} bitoffset {attribs {resolve_type immediate dependency {} format long minimum {} maximum {}} value 0} array_type {name {attribs {resolve_type immediate dependency {} format string minimum {} maximum {}} value chan} size {attribs {resolve_type generated dependency chan_size format long minimum {} maximum {}} value 1} stride {attribs {resolve_type generated dependency chan_stride format long minimum {} maximum {}} value 32} datatype {name {attribs {resolve_type immediate dependency {} format string minimum {} maximum {}} value {}} bitwidth {attribs {resolve_type automatic dependency {} format long minimum {} maximum {}} value 30} bitoffset {attribs {resolve_type immediate dependency {} format long minimum {} maximum {}} value 0} struct {field_cosine {name {attribs {resolve_type immediate dependency {} format string minimum {} maximum {}} value cosine} enabled {attribs {resolve_type generated dependency cosine_enabled format bool minimum {} maximum {}} value true} datatype {name {attribs {resolve_type immediate dependency {} format string minimum {} maximum {}} value {}} bitwidth {attribs {resolve_type generated dependency cosine_width format long minimum {} maximum {}} value 14} bitoffset {attribs {resolve_type immediate dependency {} format long minimum {} maximum {}} value 0} real {fixed {fractwidth {attribs {resolve_type generated dependency cosine_fractwidth format long minimum {} maximum {}} value 12} signed {attribs {resolve_type immediate dependency {} format bool minimum {} maximum {}} value true}}}}} field_sine {name {attribs {resolve_type immediate dependency {} format string minimum {} maximum {}} value sine} enabled {attribs {resolve_type generated dependency sine_enabled format bool minimum {} maximum {}} value true} datatype {name {attribs {resolve_type immediate dependency {} format string minimum {} maximum {}} value {}} bitwidth {attribs {resolve_type generated dependency sine_width format long minimum {} maximum {}} value 14} bitoffset {attribs {resolve_type generated dependency sine_offset format long minimum {} maximum {}} value 16} real {fixed {fractwidth {attribs {resolve_type generated dependency sine_fractwidth format long minimum {} maximum {}} value 12} signed {attribs {resolve_type immediate dependency {} format bool minimum {} maximum {}} value true}}}}}}}}}} TDATA_WIDTH 32 TUSER {datatype {name {attribs {resolve_type immediate dependency {} format string minimum {} maximum {}} value {}} bitwidth {attribs {resolve_type automatic dependency {} format long minimum {} maximum {}} value 0} bitoffset {attribs {resolve_type immediate dependency {} format long minimum {} maximum {}} value 0} struct {field_chanid {name {attribs {resolve_type immediate dependency {} format string minimum {} maximum {}} value chanid} enabled {attribs {resolve_type generated dependency chanid_enabled format bool minimum {} maximum {}} value false} datatype {name {attribs {resolve_type immediate dependency {} format string minimum {} maximum {}} value {}} bitwidth {attribs {resolve_type generated dependency chanid_width format long minimum {} maximum {}} value 0} bitoffset {attribs {resolve_type immediate dependency {} format long minimum {} maximum {}} value 0} integer {signed {attribs {resolve_type immediate dependency {} format bool minimum {} maximum {}} value false}}}} field_user {name {attribs {resolve_type immediate dependency {} format string minimum {} maximum {}} value user} enabled {attribs {resolve_type generated dependency user_enabled format bool minimum {} maximum {}} value false} datatype {name {attribs {resolve_type immediate dependency {} format string minimum {} maximum {}} value {}} bitwidth {attribs {resolve_type generated dependency user_width format long minimum {} maximum {}} value 0} bitoffset {attribs {resolve_type generated dependency user_offset format long minimum {} maximum {}} value 0}}}}}} TUSER_WIDTH 0}

Please resolve any mismatches by directly setting properties on BD cell </DAC/axis_red_pitaya_dac_0> to completely resolve these warnings.
WARNING: [BD 41-927] Following properties on pin /DAC/axis_red_pitaya_dac_0/aclk have been updated from connected ip, but BD cell '/DAC/axis_red_pitaya_dac_0' does not accept parameter changes, so they may not be synchronized with cell properties:
	FREQ_HZ = 125000000 
Please resolve any mismatches by directly setting properties on BD cell </DAC/axis_red_pitaya_dac_0> to completely resolve these warnings.
WARNING: [BD 41-927] Following properties on pin /DAC/axis_red_pitaya_dac_0/ddr_clk have been updated from connected ip, but BD cell '/DAC/axis_red_pitaya_dac_0' does not accept parameter changes, so they may not be synchronized with cell properties:
	FREQ_HZ = 250000000 
Please resolve any mismatches by directly setting properties on BD cell </DAC/axis_red_pitaya_dac_0> to completely resolve these warnings.
WARNING: [BD 41-927] Following properties on pin /DAC/axis_constant_0/aclk have been updated from connected ip, but BD cell '/DAC/axis_constant_0' does not accept parameter changes, so they may not be synchronized with cell properties:
	FREQ_HZ = 125000000 
Please resolve any mismatches by directly setting properties on BD cell </DAC/axis_constant_0> to completely resolve these warnings.
WARNING: [BD 41-927] Following properties on pin /BRAM1/axi_bram_reader_1/s00_axi_aclk have been updated from connected ip, but BD cell '/BRAM1/axi_bram_reader_1' does not accept parameter changes, so they may not be synchronized with cell properties:
	FREQ_HZ = 125000000 
Please resolve any mismatches by directly setting properties on BD cell </BRAM1/axi_bram_reader_1> to completely resolve these warnings.
WARNING: [BD 41-927] Following properties on pin /BRAM2/axi_bram_reader_1/s00_axi_aclk have been updated from connected ip, but BD cell '/BRAM2/axi_bram_reader_1' does not accept parameter changes, so they may not be synchronized with cell properties:
	FREQ_HZ = 125000000 
Please resolve any mismatches by directly setting properties on BD cell </BRAM2/axi_bram_reader_1> to completely resolve these warnings.
WARNING: [BD 41-927] Following properties on pin /trigger_indexes_mem/axi_bram_reader_0/s00_axi_aclk have been updated from connected ip, but BD cell '/trigger_indexes_mem/axi_bram_reader_0' does not accept parameter changes, so they may not be synchronized with cell properties:
	FREQ_HZ = 125000000 
Please resolve any mismatches by directly setting properties on BD cell </trigger_indexes_mem/axi_bram_reader_0> to completely resolve these warnings.
CRITICAL WARNING: [BD 41-49] Could not find abstraction definition for the interface: bram_portb 
CRITICAL WARNING: [BD 41-49] Could not find abstraction definition for the interface: bram_portb 
CRITICAL WARNING: [BD 41-49] Could not find abstraction definition for the interface: bram_portb 
CRITICAL WARNING: [BD 41-49] Could not find abstraction definition for the interface: bram_portb 
CRITICAL WARNING: [BD 41-49] Could not find abstraction definition for the interface: bram_porta 
CRITICAL WARNING: [BD 41-49] Could not find abstraction definition for the interface: bram_porta 
CRITICAL WARNING: [BD 41-49] Could not find abstraction definition for the interface: bram_porta 
CRITICAL WARNING: [BD 41-49] Could not find abstraction definition for the interface: bram_index 
CRITICAL WARNING: [BD 41-49] Could not find abstraction definition for the interface: bram_index 
CRITICAL WARNING: [BD 41-49] Could not find abstraction definition for the interface: bram_porta 
CRITICAL WARNING: [BD 41-49] Could not find abstraction definition for the interface: bram_porta 
CRITICAL WARNING: [BD 41-49] Could not find abstraction definition for the interface: bram_porta 
CRITICAL WARNING: [BD 41-49] Could not find abstraction definition for the interface: bram_porta 
CRITICAL WARNING: [BD 41-49] Could not find abstraction definition for the interface: bram_portb 
CRITICAL WARNING: [BD 41-49] Could not find abstraction definition for the interface: bram_portb 
CRITICAL WARNING: [BD 41-49] Could not find abstraction definition for the interface: bram_portb 
CRITICAL WARNING: [BD 41-49] Could not find abstraction definition for the interface: bram_portb 
CRITICAL WARNING: [BD 41-49] Could not find abstraction definition for the interface: bram_index 
CRITICAL WARNING: [BD 41-49] Could not find abstraction definition for the interface: bram_index 
CRITICAL WARNING: [BD 41-49] Could not find abstraction definition for the interface: bram_portb 
CRITICAL WARNING: [BD 41-49] Could not find abstraction definition for the interface: bram_portb 
CRITICAL WARNING: [BD 41-49] Could not find abstraction definition for the interface: bram_portb 
CRITICAL WARNING: [BD 41-49] Could not find abstraction definition for the interface: bram_portb 
CRITICAL WARNING: [BD 41-49] Could not find abstraction definition for the interface: bram_porta 
CRITICAL WARNING: [BD 41-49] Could not find abstraction definition for the interface: bram_porta 
CRITICAL WARNING: [BD 41-49] Could not find abstraction definition for the interface: bram_porta 
CRITICAL WARNING: [BD 41-49] Could not find abstraction definition for the interface: bram_porta 
CRITICAL WARNING: [BD 41-49] Could not find abstraction definition for the interface: bram_porta 
CRITICAL WARNING: [BD 41-49] Could not find abstraction definition for the interface: bram_porta 
CRITICAL WARNING: [BD 41-49] Could not find abstraction definition for the interface: bram_porta 
CRITICAL WARNING: [BD 41-49] Could not find abstraction definition for the interface: bram_portb 
CRITICAL WARNING: [BD 41-49] Could not find abstraction definition for the interface: bram_portb 
CRITICAL WARNING: [BD 41-49] Could not find abstraction definition for the interface: bram_portb 
CRITICAL WARNING: [BD 41-49] Could not find abstraction definition for the interface: bram_portb 
CRITICAL WARNING: [BD 41-49] Could not find abstraction definition for the interface: bram_index 
CRITICAL WARNING: [BD 41-49] Could not find abstraction definition for the interface: bram_index 
CRITICAL WARNING: [BD 41-49] Could not find abstraction definition for the interface: bram_portb 
CRITICAL WARNING: [BD 41-49] Could not find abstraction definition for the interface: bram_portb 
CRITICAL WARNING: [BD 41-49] Could not find abstraction definition for the interface: bram_portb 
CRITICAL WARNING: [BD 41-49] Could not find abstraction definition for the interface: bram_portb 
CRITICAL WARNING: [BD 41-49] Could not find abstraction definition for the interface: bram_porta 
CRITICAL WARNING: [BD 41-49] Could not find abstraction definition for the interface: bram_porta 
CRITICAL WARNING: [BD 41-49] Could not find abstraction definition for the interface: bram_porta 
CRITICAL WARNING: [BD 41-49] Could not find abstraction definition for the interface: bram_porta 
CRITICAL WARNING: [BD 41-49] Could not find abstraction definition for the interface: bram_portb 
CRITICAL WARNING: [BD 41-49] Could not find abstraction definition for the interface: bram_portb 
CRITICAL WARNING: [BD 41-49] Could not find abstraction definition for the interface: bram_portb 
CRITICAL WARNING: [BD 41-49] Could not find abstraction definition for the interface: bram_portb 
CRITICAL WARNING: [BD 41-49] Could not find abstraction definition for the interface: bram_portc 
CRITICAL WARNING: [BD 41-49] Could not find abstraction definition for the interface: bram_portc 
CRITICAL WARNING: [BD 41-49] Could not find abstraction definition for the interface: bram_portc 
CRITICAL WARNING: [BD 41-49] Could not find abstraction definition for the interface: bram_portc 
CRITICAL WARNING: [BD 41-49] Could not find abstraction definition for the interface: bram_portb 
CRITICAL WARNING: [BD 41-49] Could not find abstraction definition for the interface: bram_portb 
CRITICAL WARNING: [BD 41-49] Could not find abstraction definition for the interface: bram_portb 
CRITICAL WARNING: [BD 41-49] Could not find abstraction definition for the interface: bram_portb 
CRITICAL WARNING: [BD 41-49] Could not find abstraction definition for the interface: bram_porta 
CRITICAL WARNING: [BD 41-49] Could not find abstraction definition for the interface: bram_porta 
CRITICAL WARNING: [BD 41-49] Could not find abstraction definition for the interface: bram_porta 
CRITICAL WARNING: [BD 41-49] Could not find abstraction definition for the interface: bram_porta 
CRITICAL WARNING: [BD 41-49] Could not find abstraction definition for the interface: bram_portb 
CRITICAL WARNING: [BD 41-49] Could not find abstraction definition for the interface: bram_portb 
CRITICAL WARNING: [BD 41-49] Could not find abstraction definition for the interface: bram_portb 
CRITICAL WARNING: [BD 41-49] Could not find abstraction definition for the interface: bram_portb 
CRITICAL WARNING: [BD 41-49] Could not find abstraction definition for the interface: bram_portc 
CRITICAL WARNING: [BD 41-49] Could not find abstraction definition for the interface: bram_portc 
CRITICAL WARNING: [BD 41-49] Could not find abstraction definition for the interface: bram_portc 
CRITICAL WARNING: [BD 41-49] Could not find abstraction definition for the interface: bram_portc 
CRITICAL WARNING: [BD 41-759] The input pins (listed below) are either not connected or do not have a source port, and they don't have a tie-off specified. These pins are tied-off to all 0's to avoid error in Implementation flow.
Please check your design and connect them as needed: 
/drive_leds_0/signal_2
/drive_leds_0/signal_3
/drive_leds_0/signal_4
/drive_leds_0/signal_5
/drive_leds_0/signal_6
/drive_leds_0/signal_7
/drive_gpios_0/input_1
/drive_gpios_0/input_2
/drive_gpios_0/input_3
/drive_gpios_1/input_2
/drive_gpios_1/input_3

Wrote  : <C:\Users\mati9\OneDrive\Documentos\00-RedPitaya\adquisidor_red_pitaya\adquisidor.srcs\sources_1\bd\system\system.bd> 
Wrote  : <C:/Users/mati9/OneDrive/Documentos/00-RedPitaya/adquisidor_red_pitaya/adquisidor.srcs/sources_1/bd/system/ui/bd_c954508f.ui> 
Wrote  : <C:/Users/mati9/OneDrive/Documentos/00-RedPitaya/adquisidor_red_pitaya/adquisidor.srcs/sources_1/bd/system/ui/bd_2b486086.ui> 
Wrote  : <C:/Users/mati9/OneDrive/Documentos/00-RedPitaya/adquisidor_red_pitaya/adquisidor.srcs/sources_1/bd/system/ui/bd_2b486087.ui> 
CRITICAL WARNING: [BD 41-2383] Width mismatch when connecting input pin '/Procesamiento/coherent_average_0/N_ca_in'(32) to pin '/Procesamiento/N_ca_in'(16) - Only lower order bits will be connected, and other input bits of this pin will be left unconnected.
CRITICAL WARNING: [BD 41-2383] Width mismatch when connecting input pin '/Procesamiento1/coherent_average_0/N_ca_in'(32) to pin '/Procesamiento1/N_ca_in'(16) - Only lower order bits will be connected, and other input bits of this pin will be left unconnected.
CRITICAL WARNING: [BD 41-2383] Width mismatch when connecting input pin '/BRAM1/bram_switch_0/bram_porta_addr'(15) to pin '/BRAM1/axi_bram_reader_1/bram_porta_addr'(16) - Only lower order bits will be connected, and other input bits of this pin will be left unconnected.
CRITICAL WARNING: [BD 41-2383] Width mismatch when connecting input pin '/BRAM1/bram_switch_0/bram_portb_addr'(15) to pin '/BRAM1/bram_portb_addr'(16) - Only lower order bits will be connected, and other input bits of this pin will be left unconnected.
CRITICAL WARNING: [BD 41-2383] Width mismatch when connecting input pin '/BRAM1/blk_mem_gen_1/addra'(15) to pin '/BRAM1/addra'(16) - Only lower order bits will be connected, and other input bits of this pin will be left unconnected.
CRITICAL WARNING: [BD 41-2383] Width mismatch when connecting input pin '/BRAM2/bram_switch_0/bram_porta_addr'(15) to pin '/BRAM2/axi_bram_reader_1/bram_porta_addr'(16) - Only lower order bits will be connected, and other input bits of this pin will be left unconnected.
CRITICAL WARNING: [BD 41-2383] Width mismatch when connecting input pin '/BRAM2/bram_switch_0/bram_portb_addr'(15) to pin '/BRAM2/bram_portb_addr'(16) - Only lower order bits will be connected, and other input bits of this pin will be left unconnected.
CRITICAL WARNING: [BD 41-2383] Width mismatch when connecting input pin '/BRAM2/blk_mem_gen_1/addra'(15) to pin '/BRAM2/addra'(16) - Only lower order bits will be connected, and other input bits of this pin will be left unconnected.
CRITICAL WARNING: [BD 41-2383] Width mismatch when connecting input pin '/trigger_indexes_mem/finish_indexes/addra'(13) to pin '/trigger_indexes_mem/addra'(10) - Only lower order bits will be connected, and other input bits of this pin will be left unconnected.
CRITICAL WARNING: [BD 41-2383] Width mismatch when connecting input pin '/trigger_indexes_mem/finish_indexes/dina'(16) to pin '/trigger_indexes_mem/dina'(17) - Only lower order bits will be connected, and other input bits of this pin will be left unconnected.
CRITICAL WARNING: [BD 41-2383] Width mismatch when connecting input pin '/level_detector_0/data_in_1'(14) to pin '/ADC/M_AXIS_PORT1_tdata'(32) - Only lower order bits will be connected, and other input bits of this pin will be left unconnected.
CRITICAL WARNING: [BD 41-2383] Width mismatch when connecting input pin '/level_detector_0/data_in_2'(14) to pin '/ADC/M_AXIS_PORT2_tdata'(32) - Only lower order bits will be connected, and other input bits of this pin will be left unconnected.
CRITICAL WARNING: [BD 41-2383] Width mismatch when connecting input pin '/trigger_simulator_0/M_in'(32) to pin '/uP_control/Dout4'(16) - Only lower order bits will be connected, and other input bits of this pin will be left unconnected.
Verilog Output written to : c:/Users/mati9/OneDrive/Documentos/00-RedPitaya/adquisidor_red_pitaya/adquisidor.gen/sources_1/bd/system/synth/system.v
CRITICAL WARNING: [BD 41-2383] Width mismatch when connecting input pin '/Procesamiento/coherent_average_0/N_ca_in'(32) to pin '/Procesamiento/N_ca_in'(16) - Only lower order bits will be connected, and other input bits of this pin will be left unconnected.
CRITICAL WARNING: [BD 41-2383] Width mismatch when connecting input pin '/Procesamiento1/coherent_average_0/N_ca_in'(32) to pin '/Procesamiento1/N_ca_in'(16) - Only lower order bits will be connected, and other input bits of this pin will be left unconnected.
CRITICAL WARNING: [BD 41-2383] Width mismatch when connecting input pin '/BRAM1/bram_switch_0/bram_porta_addr'(15) to pin '/BRAM1/axi_bram_reader_1/bram_porta_addr'(16) - Only lower order bits will be connected, and other input bits of this pin will be left unconnected.
CRITICAL WARNING: [BD 41-2383] Width mismatch when connecting input pin '/BRAM1/bram_switch_0/bram_portb_addr'(15) to pin '/BRAM1/bram_portb_addr'(16) - Only lower order bits will be connected, and other input bits of this pin will be left unconnected.
CRITICAL WARNING: [BD 41-2383] Width mismatch when connecting input pin '/BRAM1/blk_mem_gen_1/addra'(15) to pin '/BRAM1/addra'(16) - Only lower order bits will be connected, and other input bits of this pin will be left unconnected.
CRITICAL WARNING: [BD 41-2383] Width mismatch when connecting input pin '/BRAM2/bram_switch_0/bram_porta_addr'(15) to pin '/BRAM2/axi_bram_reader_1/bram_porta_addr'(16) - Only lower order bits will be connected, and other input bits of this pin will be left unconnected.
CRITICAL WARNING: [BD 41-2383] Width mismatch when connecting input pin '/BRAM2/bram_switch_0/bram_portb_addr'(15) to pin '/BRAM2/bram_portb_addr'(16) - Only lower order bits will be connected, and other input bits of this pin will be left unconnected.
CRITICAL WARNING: [BD 41-2383] Width mismatch when connecting input pin '/BRAM2/blk_mem_gen_1/addra'(15) to pin '/BRAM2/addra'(16) - Only lower order bits will be connected, and other input bits of this pin will be left unconnected.
CRITICAL WARNING: [BD 41-2383] Width mismatch when connecting input pin '/trigger_indexes_mem/finish_indexes/addra'(13) to pin '/trigger_indexes_mem/addra'(10) - Only lower order bits will be connected, and other input bits of this pin will be left unconnected.
CRITICAL WARNING: [BD 41-2383] Width mismatch when connecting input pin '/trigger_indexes_mem/finish_indexes/dina'(16) to pin '/trigger_indexes_mem/dina'(17) - Only lower order bits will be connected, and other input bits of this pin will be left unconnected.
CRITICAL WARNING: [BD 41-2383] Width mismatch when connecting input pin '/level_detector_0/data_in_1'(14) to pin '/ADC/M_AXIS_PORT1_tdata'(32) - Only lower order bits will be connected, and other input bits of this pin will be left unconnected.
CRITICAL WARNING: [BD 41-2383] Width mismatch when connecting input pin '/level_detector_0/data_in_2'(14) to pin '/ADC/M_AXIS_PORT2_tdata'(32) - Only lower order bits will be connected, and other input bits of this pin will be left unconnected.
CRITICAL WARNING: [BD 41-2383] Width mismatch when connecting input pin '/trigger_simulator_0/M_in'(32) to pin '/uP_control/Dout4'(16) - Only lower order bits will be connected, and other input bits of this pin will be left unconnected.
Verilog Output written to : c:/Users/mati9/OneDrive/Documentos/00-RedPitaya/adquisidor_red_pitaya/adquisidor.gen/sources_1/bd/system/sim/system.v
Verilog Output written to : c:/Users/mati9/OneDrive/Documentos/00-RedPitaya/adquisidor_red_pitaya/adquisidor.gen/sources_1/bd/system/hdl/system_wrapper.v
Wrote  : <C:/Users/mati9/OneDrive/Documentos/00-RedPitaya/adquisidor_red_pitaya/adquisidor.srcs/sources_1/bd/system/ui/bd_c954508f.ui> 
Wrote  : <C:/Users/mati9/OneDrive/Documentos/00-RedPitaya/adquisidor_red_pitaya/adquisidor.srcs/sources_1/bd/system/ui/bd_2b486086.ui> 
Wrote  : <C:/Users/mati9/OneDrive/Documentos/00-RedPitaya/adquisidor_red_pitaya/adquisidor.srcs/sources_1/bd/system/ui/bd_2b486087.ui> 
INFO: [BD 41-1029] Generation completed for the IP Integrator block drive_leds_0 .
INFO: [BD 41-1029] Generation completed for the IP Integrator block drive_gpios_0 .
INFO: [BD 41-1029] Generation completed for the IP Integrator block drive_gpios_1 .
INFO: [BD 41-1029] Generation completed for the IP Integrator block BRAM2/blk_mem_gen_1 .
INFO: [BD 41-1029] Generation completed for the IP Integrator block uP/ps7_0_axi_periph/s00_couplers/auto_pc .
Exporting to file c:/Users/mati9/OneDrive/Documentos/00-RedPitaya/adquisidor_red_pitaya/adquisidor.gen/sources_1/bd/system/hw_handoff/system.hwh
Generated Hardware Definition File c:/Users/mati9/OneDrive/Documentos/00-RedPitaya/adquisidor_red_pitaya/adquisidor.gen/sources_1/bd/system/synth/system.hwdef
WARNING: [BD 41-2265] Clock pin for protocol instance pin S_AXIS could not be determined. Make sure that ASSOCIATED_BUSIF and ASSOCIATED_RESET properties are set or propagated on clock pins of block /ADC/signal_split_0
[Sun Sep  8 20:13:27 2024] Launched synth_1...
Run output will be captured here: C:/Users/mati9/OneDrive/Documentos/00-RedPitaya/adquisidor_red_pitaya/adquisidor.runs/synth_1/runme.log
[Sun Sep  8 20:13:27 2024] Launched impl_1...
Run output will be captured here: C:/Users/mati9/OneDrive/Documentos/00-RedPitaya/adquisidor_red_pitaya/adquisidor.runs/impl_1/runme.log
launch_runs: Time (s): cpu = 00:01:01 ; elapsed = 00:01:51 . Memory (MB): peak = 1646.355 ; gain = 268.168
WARNING: [IP_Flow 19-4067] Ignoring invalid widget type specified checkbox.Providing a default widget
WARNING: [IP_Flow 19-4067] Ignoring invalid widget type specified checkbox.Providing a default widget
open_run impl_1
INFO: [Device 21-403] Loading part xc7z010clg400-1
Netlist sorting complete. Time (s): cpu = 00:00:00 ; elapsed = 00:00:00.532 . Memory (MB): peak = 1794.520 ; gain = 0.000
INFO: [Netlist 29-17] Analyzing 286 Unisim elements for replacement
INFO: [Netlist 29-28] Unisim Transformation completed in 0 CPU seconds
INFO: [Project 1-479] Netlist was created with Vivado 2022.2
INFO: [Project 1-570] Preparing netlist for logic optimization
INFO: [Timing 38-478] Restoring timing data from binary archive.
INFO: [Timing 38-479] Binary timing data restore complete.
INFO: [Project 1-856] Restoring constraints from binary archive.
INFO: [Project 1-853] Binary constraint restore complete.
Reading XDEF placement.
Reading placer database...
Reading XDEF routing.
Read XDEF Files: Time (s): cpu = 00:00:05 ; elapsed = 00:00:06 . Memory (MB): peak = 2491.820 ; gain = 0.000
Restored from archive | CPU: 5.000000 secs | Memory: 0.000000 MB |
Finished XDEF File Restore: Time (s): cpu = 00:00:05 ; elapsed = 00:00:06 . Memory (MB): peak = 2491.820 ; gain = 0.000
Netlist sorting complete. Time (s): cpu = 00:00:00 ; elapsed = 00:00:00.018 . Memory (MB): peak = 2491.820 ; gain = 0.000
INFO: [Project 1-111] Unisim Transformation Summary:
  A total of 2 instances were transformed.
  OBUFDS => OBUFDS_DUAL_BUF (INV, OBUFDS(x2)): 2 instances

open_run: Time (s): cpu = 00:01:08 ; elapsed = 00:01:05 . Memory (MB): peak = 2616.711 ; gain = 950.719
open_report: Time (s): cpu = 00:00:22 ; elapsed = 00:00:18 . Memory (MB): peak = 2647.730 ; gain = 22.629
CRITICAL WARNING: [Timing 38-282] The design failed to meet the timing requirements. Please see the timing summary report for details on the timing violations.
exit
INFO: [Common 17-206] Exiting Vivado at Sun Sep  8 20:53:54 2024...
