Copyright 1986-2022 Xilinx, Inc. All Rights Reserved.
--------------------------------------------------------------------------------------------
| Tool Version : Vivado v.2022.2 (win64) Build 3671981 Fri Oct 14 05:00:03 MDT 2022
| Date         : Thu Aug 10 19:31:30 2023
| Host         : DESKTOP-BRUHM76 running 64-bit major release  (build 9200)
| Command      : report_clock_utilization -file system_wrapper_clock_utilization_routed.rpt
| Design       : system_wrapper
| Device       : 7z010-clg400
| Speed File   : -1  PRODUCTION 1.12 2019-11-22
| Design State : Routed
--------------------------------------------------------------------------------------------

Clock Utilization Report

Table of Contents
-----------------
1. Clock Primitive Utilization
2. Global Clock Resources
3. Global Clock Source Details
4. Clock Regions: Key Resource Utilization
5. Clock Regions : Global Clock Summary
6. Device Cell Placement Summary for Global Clock g0
7. Device Cell Placement Summary for Global Clock g1
8. Device Cell Placement Summary for Global Clock g2
9. Device Cell Placement Summary for Global Clock g3
10. Device Cell Placement Summary for Global Clock g4
11. Device Cell Placement Summary for Global Clock g5
12. Clock Region Cell Placement per Global Clock: Region X0Y0
13. Clock Region Cell Placement per Global Clock: Region X1Y0
14. Clock Region Cell Placement per Global Clock: Region X0Y1
15. Clock Region Cell Placement per Global Clock: Region X1Y1

1. Clock Primitive Utilization
------------------------------

+----------+------+-----------+-----+--------------+--------+
| Type     | Used | Available | LOC | Clock Region | Pblock |
+----------+------+-----------+-----+--------------+--------+
| BUFGCTRL |    6 |        32 |   0 |            0 |      0 |
| BUFH     |    0 |        48 |   0 |            0 |      0 |
| BUFIO    |    0 |         8 |   0 |            0 |      0 |
| BUFMR    |    0 |         4 |   0 |            0 |      0 |
| BUFR     |    0 |         8 |   0 |            0 |      0 |
| MMCM     |    1 |         2 |   0 |            0 |      0 |
| PLL      |    0 |         2 |   0 |            0 |      0 |
+----------+------+-----------+-----+--------------+--------+


2. Global Clock Resources
-------------------------

+-----------+-----------+-----------------+------------+----------------+--------------+-------------------+-------------+-----------------+--------------+-----------------------------+---------------------------------------------------------------------------+-------------------------------------------------------------+
| Global Id | Source Id | Driver Type/Pin | Constraint | Site           | Clock Region | Load Clock Region | Clock Loads | Non-Clock Loads | Clock Period | Clock                       | Driver Pin                                                                | Net                                                         |
+-----------+-----------+-----------------+------------+----------------+--------------+-------------------+-------------+-----------------+--------------+-----------------------------+---------------------------------------------------------------------------+-------------------------------------------------------------+
| g0        | src0      | BUFG/O          | None       | BUFGCTRL_X0Y12 | n/a          |                 4 |        4216 |               0 |        8.000 | clk_fpga_0                  | system_i/uP/processing_system7_0/inst/buffer_fclk_clk_0.FCLK_CLK_0_BUFG/O | system_i/uP/processing_system7_0/inst/FCLK_CLK0             |
| g1        | src1      | BUFG/O          | None       | BUFGCTRL_X0Y0  | n/a          |                 5 |        1505 |               0 |        8.000 | adc_clk                     | system_i/ADC/axis_red_pitaya_adc_0/inst/adc_clk_inst/O                    | system_i/ADC/axis_red_pitaya_adc_0/inst/adc_clk             |
| g2        | src1      | BUFGCTRL/O      | None       | BUFGCTRL_X0Y1  | n/a          |                 4 |          39 |               0 |        8.000 | adc_clk                     | system_i/BRAM1/bram_switch_0/inst/BUFGMUX_inst/O                          | system_i/BRAM1/bram_switch_0/inst/bram_portc_clk            |
| g2        | src0      | BUFGCTRL/O      | None       | BUFGCTRL_X0Y1  | n/a          |                 4 |          39 |               0 |        8.000 | clk_fpga_0                  | system_i/BRAM1/bram_switch_0/inst/BUFGMUX_inst/O                          | system_i/BRAM1/bram_switch_0/inst/bram_portc_clk            |
| g3        | src1      | BUFGCTRL/O      | None       | BUFGCTRL_X0Y15 | n/a          |                 4 |          39 |               0 |        8.000 | adc_clk                     | system_i/BRAM2/bram_switch_0/inst/BUFGMUX_inst/O                          | system_i/BRAM2/bram_switch_0/inst/bram_portc_clk            |
| g4        | src2      | BUFG/O          | None       | BUFGCTRL_X0Y3  | n/a          |                 1 |           2 |               0 |        4.000 | clk_out1_system_clk_wiz_0_0 | system_i/DAC/clk_wiz_0/inst/clkout1_buf/O                                 | system_i/DAC/clk_wiz_0/inst/clk_out1                        |
| g5        | src3      | BUFG/O          | None       | BUFGCTRL_X0Y2  | n/a          |                 1 |           1 |               0 |        8.000 | clkfbout_system_clk_wiz_0_0 | system_i/DAC/clk_wiz_0/inst/clkf_buf/O                                    | system_i/DAC/clk_wiz_0/inst/clkfbout_buf_system_clk_wiz_0_0 |
+-----------+-----------+-----------------+------------+----------------+--------------+-------------------+-------------+-----------------+--------------+-----------------------------+---------------------------------------------------------------------------+-------------------------------------------------------------+
* Clock Loads column represents cell count of net connects that connect to a clock pin. Internal cell leaf pins are not considered
** Non-Clock Loads column represents cell count of non-clock pin loads


3. Global Clock Source Details
------------------------------

+-----------+-----------+---------------------+------------+-----------------+--------------+-------------+-----------------+---------------------+-----------------------------+---------------------------------------------------------------------------+--------------------------------------------------------------+
| Source Id | Global Id | Driver Type/Pin     | Constraint | Site            | Clock Region | Clock Loads | Non-Clock Loads | Source Clock Period | Source Clock                | Driver Pin                                                                | Net                                                          |
+-----------+-----------+---------------------+------------+-----------------+--------------+-------------+-----------------+---------------------+-----------------------------+---------------------------------------------------------------------------+--------------------------------------------------------------+
| src0      | g0        | PS7/FCLKCLK[0]      | PS7_X0Y0   | PS7_X0Y0        | X0Y1         |           1 |               0 |               8.000 | clk_fpga_0                  | system_i/uP/processing_system7_0/inst/PS7_i/FCLKCLK[0]                    | system_i/uP/processing_system7_0/inst/FCLK_CLK_unbuffered[0] |
| src0      | g2        | BUFG/O              | None       | BUFGCTRL_X0Y12  | n/a          |           0 |               0 |               8.000 | clk_fpga_0                  | system_i/uP/processing_system7_0/inst/buffer_fclk_clk_0.FCLK_CLK_0_BUFG/O | system_i/uP/processing_system7_0/inst/FCLK_CLK0              |
| src1      | g1        | IBUFDS/O            | IOB_X0Y26  | IOB_X0Y26       | X1Y0         |           1 |               0 |               8.000 | adc_clk                     | system_i/ADC/axis_red_pitaya_adc_0/inst/adc_clk_inst0/O                   | system_i/ADC/axis_red_pitaya_adc_0/inst/int_clk0             |
| src1      | g2        | BUFG/O              | None       | BUFGCTRL_X0Y0   | n/a          |        1505 |               0 |               8.000 | adc_clk                     | system_i/ADC/axis_red_pitaya_adc_0/inst/adc_clk_inst/O                    | system_i/ADC/axis_red_pitaya_adc_0/inst/adc_clk              |
| src1      | g3        | BUFG/O              | None       | BUFGCTRL_X0Y0   | n/a          |        1505 |               0 |               8.000 | adc_clk                     | system_i/ADC/axis_red_pitaya_adc_0/inst/adc_clk_inst/O                    | system_i/ADC/axis_red_pitaya_adc_0/inst/adc_clk              |
| src2      | g4        | MMCME2_ADV/CLKOUT0  | None       | MMCME2_ADV_X0Y0 | X1Y0         |           1 |               0 |               4.000 | clk_out1_system_clk_wiz_0_0 | system_i/DAC/clk_wiz_0/inst/mmcm_adv_inst/CLKOUT0                         | system_i/DAC/clk_wiz_0/inst/clk_out1_system_clk_wiz_0_0      |
| src3      | g5        | MMCME2_ADV/CLKFBOUT | None       | MMCME2_ADV_X0Y0 | X1Y0         |           1 |               0 |               8.000 | clkfbout_system_clk_wiz_0_0 | system_i/DAC/clk_wiz_0/inst/mmcm_adv_inst/CLKFBOUT                        | system_i/DAC/clk_wiz_0/inst/clkfbout_system_clk_wiz_0_0      |
+-----------+-----------+---------------------+------------+-----------------+--------------+-------------+-----------------+---------------------+-----------------------------+---------------------------------------------------------------------------+--------------------------------------------------------------+
* Clock Loads column represents cell count of net connects that connect to a clock pin. Internal cell leaf pins are not considered
** Non-Clock Loads column represents cell count of non-clock pin loads


4. Clock Regions: Key Resource Utilization
------------------------------------------

+-------------------+--------------+--------------+--------------+--------------+--------------+--------------+--------------+--------------+--------------+--------------+--------------+--------------+--------------+--------------+--------------+
|                   | Global Clock |     BUFRs    |    BUFMRs    |    BUFIOs    |     MMCM     |      PLL     |      GT      |      PCI     |    ILOGIC    |    OLOGIC    |      FF      |     LUTM     |    RAMB18    |    RAMB36    |    DSP48E2   |
+-------------------+------+-------+------+-------+------+-------+------+-------+------+-------+------+-------+------+-------+------+-------+------+-------+------+-------+------+-------+------+-------+------+-------+------+-------+------+-------+
| Clock Region Name | Used | Avail | Used | Avail | Used | Avail | Used | Avail | Used | Avail | Used | Avail | Used | Avail | Used | Avail | Used | Avail | Used | Avail | Used | Avail | Used | Avail | Used | Avail | Used | Avail | Used | Avail |
+-------------------+------+-------+------+-------+------+-------+------+-------+------+-------+------+-------+------+-------+------+-------+------+-------+------+-------+------+-------+------+-------+------+-------+------+-------+------+-------+
| X0Y0              |    4 |    12 |    0 |     0 |    0 |     0 |    0 |     0 |    0 |     0 |    0 |     0 |    0 |     0 |    0 |     0 |    0 |     0 |    0 |     0 | 2861 |  1100 | 1073 |   400 |    0 |    20 |   10 |    10 |    0 |    20 |
| X1Y0              |    5 |    12 |    0 |     4 |    0 |     2 |    0 |     4 |    1 |     1 |    0 |     1 |    0 |     0 |    0 |     0 |   28 |    50 |    0 |    50 | 2400 |  1100 |  743 |   350 |    0 |    40 |   20 |    20 |    3 |    20 |
| X0Y1              |    4 |    12 |    0 |     0 |    0 |     0 |    0 |     0 |    0 |     0 |    0 |     0 |    0 |     0 |    0 |     0 |    0 |     0 |    0 |     0 |  188 |  1100 |   74 |   400 |    0 |    20 |    9 |    10 |    0 |    20 |
| X1Y1              |    4 |    12 |    0 |     4 |    0 |     2 |    0 |     4 |    0 |     1 |    0 |     1 |    0 |     0 |    0 |     0 |    0 |    50 |   18 |    50 |  139 |  1100 |   59 |   350 |    0 |    40 |   19 |    20 |    0 |    20 |
+-------------------+------+-------+------+-------+------+-------+------+-------+------+-------+------+-------+------+-------+------+-------+------+-------+------+-------+------+-------+------+-------+------+-------+------+-------+------+-------+
* Global Clock column represents track count; while other columns represents cell counts


5. Clock Regions : Global Clock Summary
---------------------------------------

All Modules
+----+----+----+
|    | X0 | X1 |
+----+----+----+
| Y1 |  4 |  4 |
| Y0 |  4 |  5 |
+----+----+----+


6. Device Cell Placement Summary for Global Clock g0
----------------------------------------------------

+-----------+-----------------+-------------------+------------+-------------+---------------+-------------+----------+----------------+----------+-------------------------------------------------+
| Global Id | Driver Type/Pin | Driver Region (D) | Clock      | Period (ns) | Waveform (ns) | Slice Loads | IO Loads | Clocking Loads | GT Loads | Net                                             |
+-----------+-----------------+-------------------+------------+-------------+---------------+-------------+----------+----------------+----------+-------------------------------------------------+
| g0        | BUFG/O          | n/a               | clk_fpga_0 |       8.000 | {0.000 4.000} |        4214 |        0 |              2 |        0 | system_i/uP/processing_system7_0/inst/FCLK_CLK0 |
+-----------+-----------------+-------------------+------------+-------------+---------------+-------------+----------+----------------+----------+-------------------------------------------------+
* Slice Loads column represents load cell count of all cell types other than IO, GT and clock resources
** IO Loads column represents load cell count of IO types
*** Clocking Loads column represents load cell count that are clock resources (global clock buffer, MMCM, PLL, etc)
**** GT Loads column represents load cell count of GT types


+----+-------+-------+-----------------------+
|    | X0    | X1    | HORIZONTAL PROG DELAY |
+----+-------+-------+-----------------------+
| Y1 |    87 |     0 |                     0 |
| Y0 |  2344 |  1783 |                     0 |
+----+-------+-------+-----------------------+


7. Device Cell Placement Summary for Global Clock g1
----------------------------------------------------

+-----------+-----------------+-------------------+---------+-------------+---------------+-------------+----------+----------------+----------+-------------------------------------------------+
| Global Id | Driver Type/Pin | Driver Region (D) | Clock   | Period (ns) | Waveform (ns) | Slice Loads | IO Loads | Clocking Loads | GT Loads | Net                                             |
+-----------+-----------------+-------------------+---------+-------------+---------------+-------------+----------+----------------+----------+-------------------------------------------------+
| g1        | BUFG/O          | n/a               | adc_clk |       8.000 | {0.000 4.000} |        1502 |        0 |              3 |        0 | system_i/ADC/axis_red_pitaya_adc_0/inst/adc_clk |
+-----------+-----------------+-------------------+---------+-------------+---------------+-------------+----------+----------------+----------+-------------------------------------------------+
* Slice Loads column represents load cell count of all cell types other than IO, GT and clock resources
** IO Loads column represents load cell count of IO types
*** Clocking Loads column represents load cell count that are clock resources (global clock buffer, MMCM, PLL, etc)
**** GT Loads column represents load cell count of GT types


+----+------+------+-----------------------+
|    | X0   | X1   | HORIZONTAL PROG DELAY |
+----+------+------+-----------------------+
| Y1 |  109 |  178 |                     0 |
| Y0 |  578 |  638 |                     0 |
+----+------+------+-----------------------+


8. Device Cell Placement Summary for Global Clock g2
----------------------------------------------------

+-----------+-----------------+-------------------+----------+-------------+---------------+-------------+----------+----------------+----------+--------------------------------------------------+
| Global Id | Driver Type/Pin | Driver Region (D) | Clock    | Period (ns) | Waveform (ns) | Slice Loads | IO Loads | Clocking Loads | GT Loads | Net                                              |
+-----------+-----------------+-------------------+----------+-------------+---------------+-------------+----------+----------------+----------+--------------------------------------------------+
| g2        | BUFGCTRL/O      | n/a               | Multiple |       8.000 | {0.000 4.000} |          39 |        0 |              0 |        0 | system_i/BRAM1/bram_switch_0/inst/bram_portc_clk |
+-----------+-----------------+-------------------+----------+-------------+---------------+-------------+----------+----------------+----------+--------------------------------------------------+
* Slice Loads column represents load cell count of all cell types other than IO, GT and clock resources
** IO Loads column represents load cell count of IO types
*** Clocking Loads column represents load cell count that are clock resources (global clock buffer, MMCM, PLL, etc)
**** GT Loads column represents load cell count of GT types


+----+-----+-----+-----------------------+
|    | X0  | X1  | HORIZONTAL PROG DELAY |
+----+-----+-----+-----------------------+
| Y1 |   1 |   2 |                     0 |
| Y0 |  16 |  20 |                     0 |
+----+-----+-----+-----------------------+


9. Device Cell Placement Summary for Global Clock g3
----------------------------------------------------

+-----------+-----------------+-------------------+----------+-------------+---------------+-------------+----------+----------------+----------+--------------------------------------------------+
| Global Id | Driver Type/Pin | Driver Region (D) | Clock    | Period (ns) | Waveform (ns) | Slice Loads | IO Loads | Clocking Loads | GT Loads | Net                                              |
+-----------+-----------------+-------------------+----------+-------------+---------------+-------------+----------+----------------+----------+--------------------------------------------------+
| g3        | BUFGCTRL/O      | n/a               | Multiple |       8.000 | {0.000 4.000} |          39 |        0 |              0 |        0 | system_i/BRAM2/bram_switch_0/inst/bram_portc_clk |
+-----------+-----------------+-------------------+----------+-------------+---------------+-------------+----------+----------------+----------+--------------------------------------------------+
* Slice Loads column represents load cell count of all cell types other than IO, GT and clock resources
** IO Loads column represents load cell count of IO types
*** Clocking Loads column represents load cell count that are clock resources (global clock buffer, MMCM, PLL, etc)
**** GT Loads column represents load cell count of GT types


+----+-----+-----+-----------------------+
|    | X0  | X1  | HORIZONTAL PROG DELAY |
+----+-----+-----+-----------------------+
| Y1 |  14 |  17 |                     0 |
| Y0 |   5 |   3 |                     0 |
+----+-----+-----+-----------------------+


10. Device Cell Placement Summary for Global Clock g4
-----------------------------------------------------

+-----------+-----------------+-------------------+-----------------------------+-------------+---------------+-------------+----------+----------------+----------+--------------------------------------+
| Global Id | Driver Type/Pin | Driver Region (D) | Clock                       | Period (ns) | Waveform (ns) | Slice Loads | IO Loads | Clocking Loads | GT Loads | Net                                  |
+-----------+-----------------+-------------------+-----------------------------+-------------+---------------+-------------+----------+----------------+----------+--------------------------------------+
| g4        | BUFG/O          | n/a               | clk_out1_system_clk_wiz_0_0 |       4.000 | {0.000 2.000} |           2 |        0 |              0 |        0 | system_i/DAC/clk_wiz_0/inst/clk_out1 |
+-----------+-----------------+-------------------+-----------------------------+-------------+---------------+-------------+----------+----------------+----------+--------------------------------------+
* Slice Loads column represents load cell count of all cell types other than IO, GT and clock resources
** IO Loads column represents load cell count of IO types
*** Clocking Loads column represents load cell count that are clock resources (global clock buffer, MMCM, PLL, etc)
**** GT Loads column represents load cell count of GT types


+----+----+----+-----------------------+
|    | X0 | X1 | HORIZONTAL PROG DELAY |
+----+----+----+-----------------------+
| Y1 |  0 |  2 |                     0 |
| Y0 |  0 |  0 |                     - |
+----+----+----+-----------------------+


11. Device Cell Placement Summary for Global Clock g5
-----------------------------------------------------

+-----------+-----------------+-------------------+-----------------------------+-------------+---------------+-------------+----------+----------------+----------+-------------------------------------------------------------+
| Global Id | Driver Type/Pin | Driver Region (D) | Clock                       | Period (ns) | Waveform (ns) | Slice Loads | IO Loads | Clocking Loads | GT Loads | Net                                                         |
+-----------+-----------------+-------------------+-----------------------------+-------------+---------------+-------------+----------+----------------+----------+-------------------------------------------------------------+
| g5        | BUFG/O          | n/a               | clkfbout_system_clk_wiz_0_0 |       8.000 | {0.000 4.000} |           0 |        0 |              1 |        0 | system_i/DAC/clk_wiz_0/inst/clkfbout_buf_system_clk_wiz_0_0 |
+-----------+-----------------+-------------------+-----------------------------+-------------+---------------+-------------+----------+----------------+----------+-------------------------------------------------------------+
* Slice Loads column represents load cell count of all cell types other than IO, GT and clock resources
** IO Loads column represents load cell count of IO types
*** Clocking Loads column represents load cell count that are clock resources (global clock buffer, MMCM, PLL, etc)
**** GT Loads column represents load cell count of GT types


+----+----+----+-----------------------+
|    | X0 | X1 | HORIZONTAL PROG DELAY |
+----+----+----+-----------------------+
| Y1 |  0 |  0 |                     - |
| Y0 |  0 |  1 |                     0 |
+----+----+----+-----------------------+


12. Clock Region Cell Placement per Global Clock: Region X0Y0
-------------------------------------------------------------

+-----------+-------+-----------------+------------+-------------+-----------------+------+-------------+------+-----+----+------+-----+---------+--------------------------------------------------+
| Global Id | Track | Driver Type/Pin | Constraint | Clock Loads | Non-Clock Loads | FF   | Memory LUTs | RAMB | DSP | GT | MMCM | PLL | Hard IP | Net                                              |
+-----------+-------+-----------------+------------+-------------+-----------------+------+-------------+------+-----+----+------+-----+---------+--------------------------------------------------+
| g0        | n/a   | BUFG/O          | None       |        2344 |               0 | 2282 |          62 |    0 |   0 |  0 |    0 |   0 |       0 | system_i/uP/processing_system7_0/inst/FCLK_CLK0  |
| g1        | n/a   | BUFG/O          | None       |         578 |               0 |  568 |           0 |   10 |   0 |  0 |    0 |   0 |       0 | system_i/ADC/axis_red_pitaya_adc_0/inst/adc_clk  |
| g2        | n/a   | BUFGCTRL/O      | None       |          16 |               0 |    7 |           0 |    9 |   0 |  0 |    0 |   0 |       0 | system_i/BRAM1/bram_switch_0/inst/bram_portc_clk |
| g3        | n/a   | BUFGCTRL/O      | None       |           5 |               0 |    4 |           0 |    1 |   0 |  0 |    0 |   0 |       0 | system_i/BRAM2/bram_switch_0/inst/bram_portc_clk |
+-----------+-------+-----------------+------------+-------------+-----------------+------+-------------+------+-----+----+------+-----+---------+--------------------------------------------------+
* Clock Loads column represents cell count of net connects that connect to a clock pin. Internal cell leaf pins are not considered
** Non-Clock Loads column represents cell count of non-clock pin loads
*** Columns FF, LUTRAM, RAMB through 'Hard IP' represents load cell counts


13. Clock Region Cell Placement per Global Clock: Region X1Y0
-------------------------------------------------------------

+-----------+-------+-----------------+------------+-------------+-----------------+------+-------------+------+-----+----+------+-----+---------+-------------------------------------------------------------+
| Global Id | Track | Driver Type/Pin | Constraint | Clock Loads | Non-Clock Loads | FF   | Memory LUTs | RAMB | DSP | GT | MMCM | PLL | Hard IP | Net                                                         |
+-----------+-------+-----------------+------------+-------------+-----------------+------+-------------+------+-----+----+------+-----+---------+-------------------------------------------------------------+
| g0        | n/a   | BUFG/O          | None       |        1783 |               0 | 1783 |           0 |    0 |   0 |  0 |    0 |   0 |       0 | system_i/uP/processing_system7_0/inst/FCLK_CLK0             |
| g1        | n/a   | BUFG/O          | None       |         638 |               0 |  614 |           0 |   20 |   3 |  0 |    1 |   0 |       0 | system_i/ADC/axis_red_pitaya_adc_0/inst/adc_clk             |
| g2        | n/a   | BUFGCTRL/O      | None       |          20 |               0 |    3 |           0 |   17 |   0 |  0 |    0 |   0 |       0 | system_i/BRAM1/bram_switch_0/inst/bram_portc_clk            |
| g3        | n/a   | BUFGCTRL/O      | None       |           3 |               0 |    0 |           0 |    3 |   0 |  0 |    0 |   0 |       0 | system_i/BRAM2/bram_switch_0/inst/bram_portc_clk            |
| g5        | n/a   | BUFG/O          | None       |           1 |               0 |    0 |           0 |    0 |   0 |  0 |    1 |   0 |       0 | system_i/DAC/clk_wiz_0/inst/clkfbout_buf_system_clk_wiz_0_0 |
+-----------+-------+-----------------+------------+-------------+-----------------+------+-------------+------+-----+----+------+-----+---------+-------------------------------------------------------------+
* Clock Loads column represents cell count of net connects that connect to a clock pin. Internal cell leaf pins are not considered
** Non-Clock Loads column represents cell count of non-clock pin loads
*** Columns FF, LUTRAM, RAMB through 'Hard IP' represents load cell counts


14. Clock Region Cell Placement per Global Clock: Region X0Y1
-------------------------------------------------------------

+-----------+-------+-----------------+------------+-------------+-----------------+-----+-------------+------+-----+----+------+-----+---------+--------------------------------------------------+
| Global Id | Track | Driver Type/Pin | Constraint | Clock Loads | Non-Clock Loads | FF  | Memory LUTs | RAMB | DSP | GT | MMCM | PLL | Hard IP | Net                                              |
+-----------+-------+-----------------+------------+-------------+-----------------+-----+-------------+------+-----+----+------+-----+---------+--------------------------------------------------+
| g0        | n/a   | BUFG/O          | None       |          87 |               0 |  82 |           4 |    0 |   0 |  0 |    0 |   0 |       0 | system_i/uP/processing_system7_0/inst/FCLK_CLK0  |
| g1        | n/a   | BUFG/O          | None       |         109 |               0 | 100 |           0 |    9 |   0 |  0 |    0 |   0 |       0 | system_i/ADC/axis_red_pitaya_adc_0/inst/adc_clk  |
| g2        | n/a   | BUFGCTRL/O      | None       |           1 |               0 |   0 |           0 |    1 |   0 |  0 |    0 |   0 |       0 | system_i/BRAM1/bram_switch_0/inst/bram_portc_clk |
| g3        | n/a   | BUFGCTRL/O      | None       |          14 |               0 |   6 |           0 |    8 |   0 |  0 |    0 |   0 |       0 | system_i/BRAM2/bram_switch_0/inst/bram_portc_clk |
+-----------+-------+-----------------+------------+-------------+-----------------+-----+-------------+------+-----+----+------+-----+---------+--------------------------------------------------+
* Clock Loads column represents cell count of net connects that connect to a clock pin. Internal cell leaf pins are not considered
** Non-Clock Loads column represents cell count of non-clock pin loads
*** Columns FF, LUTRAM, RAMB through 'Hard IP' represents load cell counts


15. Clock Region Cell Placement per Global Clock: Region X1Y1
-------------------------------------------------------------

+-----------+-------+-----------------+------------+-------------+-----------------+-----+-------------+------+-----+----+------+-----+---------+--------------------------------------------------+
| Global Id | Track | Driver Type/Pin | Constraint | Clock Loads | Non-Clock Loads | FF  | Memory LUTs | RAMB | DSP | GT | MMCM | PLL | Hard IP | Net                                              |
+-----------+-------+-----------------+------------+-------------+-----------------+-----+-------------+------+-----+----+------+-----+---------+--------------------------------------------------+
| g1        | n/a   | BUFG/O          | None       |         178 |               0 | 139 |           3 |   19 |   0 |  0 |    0 |   0 |       0 | system_i/ADC/axis_red_pitaya_adc_0/inst/adc_clk  |
| g2        | n/a   | BUFGCTRL/O      | None       |           2 |               0 |   0 |           0 |    2 |   0 |  0 |    0 |   0 |       0 | system_i/BRAM1/bram_switch_0/inst/bram_portc_clk |
| g3        | n/a   | BUFGCTRL/O      | None       |          17 |               0 |   0 |           0 |   17 |   0 |  0 |    0 |   0 |       0 | system_i/BRAM2/bram_switch_0/inst/bram_portc_clk |
| g4        | n/a   | BUFG/O          | None       |           2 |               0 |   0 |           0 |    0 |   0 |  0 |    0 |   0 |       0 | system_i/DAC/clk_wiz_0/inst/clk_out1             |
+-----------+-------+-----------------+------------+-------------+-----------------+-----+-------------+------+-----+----+------+-----+---------+--------------------------------------------------+
* Clock Loads column represents cell count of net connects that connect to a clock pin. Internal cell leaf pins are not considered
** Non-Clock Loads column represents cell count of non-clock pin loads
*** Columns FF, LUTRAM, RAMB through 'Hard IP' represents load cell counts



# Location of BUFG Primitives 
set_property LOC BUFGCTRL_X0Y12 [get_cells system_i/uP/processing_system7_0/inst/buffer_fclk_clk_0.FCLK_CLK_0_BUFG]
set_property LOC BUFGCTRL_X0Y2 [get_cells system_i/DAC/clk_wiz_0/inst/clkf_buf]
set_property LOC BUFGCTRL_X0Y3 [get_cells system_i/DAC/clk_wiz_0/inst/clkout1_buf]
set_property LOC BUFGCTRL_X0Y15 [get_cells system_i/BRAM2/bram_switch_0/inst/BUFGMUX_inst]
set_property LOC BUFGCTRL_X0Y1 [get_cells system_i/BRAM1/bram_switch_0/inst/BUFGMUX_inst]
set_property LOC BUFGCTRL_X0Y0 [get_cells system_i/ADC/axis_red_pitaya_adc_0/inst/adc_clk_inst]

# Location of IO Primitives which is load of clock spine

# Location of clock ports
set_property LOC IOB_X0Y25 [get_ports adc_clk_n_i]
set_property LOC IOB_X0Y26 [get_ports adc_clk_p_i]

# Clock net "system_i/uP/processing_system7_0/inst/FCLK_CLK0" driven by instance "system_i/uP/processing_system7_0/inst/buffer_fclk_clk_0.FCLK_CLK_0_BUFG" located at site "BUFGCTRL_X0Y12"
#startgroup
create_pblock {CLKAG_system_i/uP/processing_system7_0/inst/FCLK_CLK0}
add_cells_to_pblock [get_pblocks  {CLKAG_system_i/uP/processing_system7_0/inst/FCLK_CLK0}] [get_cells -filter { PRIMITIVE_GROUP != I/O && IS_PRIMITIVE==1 && PRIMITIVE_LEVEL !=INTERNAL && NAME!=system_i/BRAM2/bram_switch_0/inst/BUFGMUX_inst && NAME!=system_i/BRAM1/bram_switch_0/inst/BUFGMUX_inst} -of_object [get_pins -filter {DIRECTION==IN} -of_objects [get_nets -hierarchical -filter {PARENT=="system_i/uP/processing_system7_0/inst/FCLK_CLK0"}]]]
resize_pblock [get_pblocks {CLKAG_system_i/uP/processing_system7_0/inst/FCLK_CLK0}] -add {CLOCKREGION_X0Y0:CLOCKREGION_X0Y0 CLOCKREGION_X0Y1:CLOCKREGION_X0Y1 CLOCKREGION_X1Y0:CLOCKREGION_X1Y0}
#endgroup

# Clock net "system_i/DAC/clk_wiz_0/inst/clk_out1" driven by instance "system_i/DAC/clk_wiz_0/inst/clkout1_buf" located at site "BUFGCTRL_X0Y3"
#startgroup
create_pblock {CLKAG_system_i/DAC/clk_wiz_0/inst/clk_out1}
add_cells_to_pblock [get_pblocks  {CLKAG_system_i/DAC/clk_wiz_0/inst/clk_out1}] [get_cells -filter { PRIMITIVE_GROUP != I/O && IS_PRIMITIVE==1 && PRIMITIVE_LEVEL !=INTERNAL } -of_object [get_pins -filter {DIRECTION==IN} -of_objects [get_nets -hierarchical -filter {PARENT=="system_i/DAC/clk_wiz_0/inst/clk_out1"}]]]
resize_pblock [get_pblocks {CLKAG_system_i/DAC/clk_wiz_0/inst/clk_out1}] -add {CLOCKREGION_X1Y1:CLOCKREGION_X1Y1}
#endgroup

# Clock net "system_i/BRAM2/bram_switch_0/inst/bram_portc_clk" driven by instance "system_i/BRAM2/bram_switch_0/inst/BUFGMUX_inst" located at site "BUFGCTRL_X0Y15"
#startgroup
create_pblock {CLKAG_system_i/BRAM2/bram_switch_0/inst/bram_portc_clk}
add_cells_to_pblock [get_pblocks  {CLKAG_system_i/BRAM2/bram_switch_0/inst/bram_portc_clk}] [get_cells -filter { PRIMITIVE_GROUP != I/O && IS_PRIMITIVE==1 && PRIMITIVE_LEVEL !=INTERNAL } -of_object [get_pins -filter {DIRECTION==IN} -of_objects [get_nets -hierarchical -filter {PARENT=="system_i/BRAM2/bram_switch_0/inst/bram_portc_clk"}]]]
resize_pblock [get_pblocks {CLKAG_system_i/BRAM2/bram_switch_0/inst/bram_portc_clk}] -add {CLOCKREGION_X0Y0:CLOCKREGION_X0Y0 CLOCKREGION_X0Y1:CLOCKREGION_X0Y1 CLOCKREGION_X1Y0:CLOCKREGION_X1Y0 CLOCKREGION_X1Y1:CLOCKREGION_X1Y1}
#endgroup

# Clock net "system_i/BRAM1/bram_switch_0/inst/bram_portc_clk" driven by instance "system_i/BRAM1/bram_switch_0/inst/BUFGMUX_inst" located at site "BUFGCTRL_X0Y1"
#startgroup
create_pblock {CLKAG_system_i/BRAM1/bram_switch_0/inst/bram_portc_clk}
add_cells_to_pblock [get_pblocks  {CLKAG_system_i/BRAM1/bram_switch_0/inst/bram_portc_clk}] [get_cells -filter { PRIMITIVE_GROUP != I/O && IS_PRIMITIVE==1 && PRIMITIVE_LEVEL !=INTERNAL } -of_object [get_pins -filter {DIRECTION==IN} -of_objects [get_nets -hierarchical -filter {PARENT=="system_i/BRAM1/bram_switch_0/inst/bram_portc_clk"}]]]
resize_pblock [get_pblocks {CLKAG_system_i/BRAM1/bram_switch_0/inst/bram_portc_clk}] -add {CLOCKREGION_X0Y0:CLOCKREGION_X0Y0 CLOCKREGION_X0Y1:CLOCKREGION_X0Y1 CLOCKREGION_X1Y0:CLOCKREGION_X1Y0 CLOCKREGION_X1Y1:CLOCKREGION_X1Y1}
#endgroup

# Clock net "system_i/ADC/axis_red_pitaya_adc_0/inst/adc_clk" driven by instance "system_i/ADC/axis_red_pitaya_adc_0/inst/adc_clk_inst" located at site "BUFGCTRL_X0Y0"
#startgroup
create_pblock {CLKAG_system_i/ADC/axis_red_pitaya_adc_0/inst/adc_clk}
add_cells_to_pblock [get_pblocks  {CLKAG_system_i/ADC/axis_red_pitaya_adc_0/inst/adc_clk}] [get_cells -filter { PRIMITIVE_GROUP != I/O && IS_PRIMITIVE==1 && PRIMITIVE_LEVEL !=INTERNAL && NAME!=system_i/DAC/clk_wiz_0/inst/mmcm_adv_inst && NAME!=system_i/BRAM2/bram_switch_0/inst/BUFGMUX_inst && NAME!=system_i/BRAM1/bram_switch_0/inst/BUFGMUX_inst} -of_object [get_pins -filter {DIRECTION==IN} -of_objects [get_nets -hierarchical -filter {PARENT=="system_i/ADC/axis_red_pitaya_adc_0/inst/adc_clk"}]]]
resize_pblock [get_pblocks {CLKAG_system_i/ADC/axis_red_pitaya_adc_0/inst/adc_clk}] -add {CLOCKREGION_X0Y0:CLOCKREGION_X0Y0 CLOCKREGION_X0Y1:CLOCKREGION_X0Y1 CLOCKREGION_X1Y0:CLOCKREGION_X1Y0 CLOCKREGION_X1Y1:CLOCKREGION_X1Y1}
#endgroup
