
*** Running vivado
    with args -log system_blk_mem_gen_1_2.vds -m64 -product Vivado -mode batch -messageDb vivado.pb -notrace -source system_blk_mem_gen_1_2.tcl



****** Vivado v2022.2 (64-bit)
  **** SW Build 3671981 on Fri Oct 14 05:00:03 MDT 2022
  **** IP Build 3669848 on Fri Oct 14 08:30:02 MDT 2022
    ** Copyright 1986-2022 Xilinx, Inc. All Rights Reserved.

source system_blk_mem_gen_1_2.tcl -notrace
create_project: Time (s): cpu = 00:00:05 ; elapsed = 00:00:05 . Memory (MB): peak = 394.477 ; gain = 74.883
INFO: [IP_Flow 19-234] Refreshing IP repositories
INFO: [IP_Flow 19-1700] Loaded user IP repository 'c:/Users/MatiOliva/Documents/04-RedPitaya/adquisidor_sin_trigger/ip_repo'.
INFO: [IP_Flow 19-1700] Loaded user IP repository 'c:/Users/MatiOliva/Documents/04-RedPitaya/adquisidor/adquisidor_red_pitaya/adquisidor.srcs/user_ip'.
INFO: [IP_Flow 19-2313] Loaded Vivado IP repository 'C:/Xilinx/Vivado/2022.2/data/ip'.
WARNING: [IP_Flow 19-4995] The host OS only allows 260 characters in a normal path. The IP cache path is more than 80 characters. If you experience issues with IP caching, please consider changing the IP cache to a location with a shorter path. Alternately consider using the OS subst command to map part of the path to a drive letter. 
Current IP cache path is c:/Users/MatiOliva/Documents/04-RedPitaya/adquisidor/adquisidor_red_pitaya/adquisidor.cache/ip 
INFO: [IP_Flow 19-6924] IPCACHE: Running cache check for IP inst: system_blk_mem_gen_1_2
INFO: [IP_Flow 19-6922] IPCACHE: Exporting cached entry a58ae9d02c2d2fc4 to dir: C:/Users/MatiOliva/Documents/04-RedPitaya/adquisidor/adquisidor_red_pitaya/adquisidor.runs/system_blk_mem_gen_1_2_synth_1
INFO: [IP_Flow 19-6928] IPCACHE: copied cached file c:/Users/MatiOliva/Documents/04-RedPitaya/adquisidor/adquisidor_red_pitaya/adquisidor.cache/ip/2022.2/a/5/a58ae9d02c2d2fc4/system_blk_mem_gen_1_1.dcp to C:/Users/MatiOliva/Documents/04-RedPitaya/adquisidor/adquisidor_red_pitaya/adquisidor.runs/system_blk_mem_gen_1_2_synth_1/system_blk_mem_gen_1_2.dcp.
INFO: [IP_Flow 19-6928] IPCACHE: copied cached file c:/Users/MatiOliva/Documents/04-RedPitaya/adquisidor/adquisidor_red_pitaya/adquisidor.cache/ip/2022.2/a/5/a58ae9d02c2d2fc4/system_blk_mem_gen_1_1_sim_netlist.v to C:/Users/MatiOliva/Documents/04-RedPitaya/adquisidor/adquisidor_red_pitaya/adquisidor.runs/system_blk_mem_gen_1_2_synth_1/system_blk_mem_gen_1_2_sim_netlist.v.
INFO: [IP_Flow 19-6928] IPCACHE: copied cached file c:/Users/MatiOliva/Documents/04-RedPitaya/adquisidor/adquisidor_red_pitaya/adquisidor.cache/ip/2022.2/a/5/a58ae9d02c2d2fc4/system_blk_mem_gen_1_1_sim_netlist.vhdl to C:/Users/MatiOliva/Documents/04-RedPitaya/adquisidor/adquisidor_red_pitaya/adquisidor.runs/system_blk_mem_gen_1_2_synth_1/system_blk_mem_gen_1_2_sim_netlist.vhdl.
INFO: [IP_Flow 19-6928] IPCACHE: copied cached file c:/Users/MatiOliva/Documents/04-RedPitaya/adquisidor/adquisidor_red_pitaya/adquisidor.cache/ip/2022.2/a/5/a58ae9d02c2d2fc4/system_blk_mem_gen_1_1_stub.v to C:/Users/MatiOliva/Documents/04-RedPitaya/adquisidor/adquisidor_red_pitaya/adquisidor.runs/system_blk_mem_gen_1_2_synth_1/system_blk_mem_gen_1_2_stub.v.
INFO: [IP_Flow 19-6928] IPCACHE: copied cached file c:/Users/MatiOliva/Documents/04-RedPitaya/adquisidor/adquisidor_red_pitaya/adquisidor.cache/ip/2022.2/a/5/a58ae9d02c2d2fc4/system_blk_mem_gen_1_1_stub.vhdl to C:/Users/MatiOliva/Documents/04-RedPitaya/adquisidor/adquisidor_red_pitaya/adquisidor.runs/system_blk_mem_gen_1_2_synth_1/system_blk_mem_gen_1_2_stub.vhdl.
INFO: [IP_Flow 19-4838] Using cached IP synthesis design for IP system_blk_mem_gen_1_2, cache-ID = a58ae9d02c2d2fc4.
INFO: [Common 17-206] Exiting Vivado at Thu Aug 10 18:09:15 2023...
