
*** Running vivado
    with args -log system_coherent_average_0_1.vds -m64 -product Vivado -mode batch -messageDb vivado.pb -notrace -source system_coherent_average_0_1.tcl



****** Vivado v2022.2 (64-bit)
  **** SW Build 3671981 on Fri Oct 14 05:00:03 MDT 2022
  **** IP Build 3669848 on Fri Oct 14 08:30:02 MDT 2022
    ** Copyright 1986-2022 Xilinx, Inc. All Rights Reserved.

source system_coherent_average_0_1.tcl -notrace
create_project: Time (s): cpu = 00:00:06 ; elapsed = 00:00:06 . Memory (MB): peak = 394.086 ; gain = 60.609
INFO: [IP_Flow 19-234] Refreshing IP repositories
INFO: [IP_Flow 19-1700] Loaded user IP repository 'c:/Users/MatiOliva/Documents/04-RedPitaya/utils/user_ip/cores'.
INFO: [IP_Flow 19-1700] Loaded user IP repository 'c:/Users/MatiOliva/Documents/04-RedPitaya/adquisidor_sin_trigger/ip_repo'.
INFO: [IP_Flow 19-2313] Loaded Vivado IP repository 'C:/Xilinx/Vivado/2022.2/data/ip'.
WARNING: [IP_Flow 19-4995] The host OS only allows 260 characters in a normal path. The IP cache path is more than 80 characters. If you experience issues with IP caching, please consider changing the IP cache to a location with a shorter path. Alternately consider using the OS subst command to map part of the path to a drive letter. 
Current IP cache path is c:/Users/MatiOliva/Documents/04-RedPitaya/adquisidor/adquisidor_red_pitaya/adquisidor.cache/ip 
INFO: [IP_Flow 19-6924] IPCACHE: Running cache check for IP inst: system_coherent_average_0_1
INFO: [IP_Flow 19-6922] IPCACHE: Exporting cached entry 71034306dda97ca2 to dir: C:/Users/MatiOliva/Documents/04-RedPitaya/adquisidor/adquisidor_red_pitaya/adquisidor.runs/system_coherent_average_0_1_synth_1
INFO: [IP_Flow 19-6928] IPCACHE: copied cached file c:/Users/MatiOliva/Documents/04-RedPitaya/adquisidor/adquisidor_red_pitaya/adquisidor.cache/ip/2022.2/7/1/71034306dda97ca2/system_coherent_average_0_0.dcp to C:/Users/MatiOliva/Documents/04-RedPitaya/adquisidor/adquisidor_red_pitaya/adquisidor.runs/system_coherent_average_0_1_synth_1/system_coherent_average_0_1.dcp.
INFO: [IP_Flow 19-6928] IPCACHE: copied cached file c:/Users/MatiOliva/Documents/04-RedPitaya/adquisidor/adquisidor_red_pitaya/adquisidor.cache/ip/2022.2/7/1/71034306dda97ca2/system_coherent_average_0_0_sim_netlist.v to C:/Users/MatiOliva/Documents/04-RedPitaya/adquisidor/adquisidor_red_pitaya/adquisidor.runs/system_coherent_average_0_1_synth_1/system_coherent_average_0_1_sim_netlist.v.
INFO: [IP_Flow 19-6928] IPCACHE: copied cached file c:/Users/MatiOliva/Documents/04-RedPitaya/adquisidor/adquisidor_red_pitaya/adquisidor.cache/ip/2022.2/7/1/71034306dda97ca2/system_coherent_average_0_0_sim_netlist.vhdl to C:/Users/MatiOliva/Documents/04-RedPitaya/adquisidor/adquisidor_red_pitaya/adquisidor.runs/system_coherent_average_0_1_synth_1/system_coherent_average_0_1_sim_netlist.vhdl.
INFO: [IP_Flow 19-6928] IPCACHE: copied cached file c:/Users/MatiOliva/Documents/04-RedPitaya/adquisidor/adquisidor_red_pitaya/adquisidor.cache/ip/2022.2/7/1/71034306dda97ca2/system_coherent_average_0_0_stub.v to C:/Users/MatiOliva/Documents/04-RedPitaya/adquisidor/adquisidor_red_pitaya/adquisidor.runs/system_coherent_average_0_1_synth_1/system_coherent_average_0_1_stub.v.
INFO: [IP_Flow 19-6928] IPCACHE: copied cached file c:/Users/MatiOliva/Documents/04-RedPitaya/adquisidor/adquisidor_red_pitaya/adquisidor.cache/ip/2022.2/7/1/71034306dda97ca2/system_coherent_average_0_0_stub.vhdl to C:/Users/MatiOliva/Documents/04-RedPitaya/adquisidor/adquisidor_red_pitaya/adquisidor.runs/system_coherent_average_0_1_synth_1/system_coherent_average_0_1_stub.vhdl.
INFO: [IP_Flow 19-4838] Using cached IP synthesis design for IP system_coherent_average_0_1, cache-ID = 71034306dda97ca2.
INFO: [Common 17-206] Exiting Vivado at Wed Aug  2 16:08:54 2023...
